Log file open, 02/12/20 22:03:49
LogWindows: Failed to load 'aqProf.dll' (GetLastError=126)
LogWindows: File 'aqProf.dll' does not exist
LogWindows: Failed to load 'VtuneApi.dll' (GetLastError=126)
LogWindows: File 'VtuneApi.dll' does not exist
LogWindows: Failed to load 'VtuneApi32e.dll' (GetLastError=126)
LogWindows: File 'VtuneApi32e.dll' does not exist
LogConsoleResponse: Display: Failed to find resolution value strings in scalability ini. Falling back to default.
LogInit: Display: Running engine for game: turnBasedBattle
LogPlatformFile: Not using cached read wrapper
LogTaskGraph: Started task graph with 5 named threads and 23 total threads with 3 sets of task threads.
LogStats: Stats thread started at 0.078168
LogD3D11RHI: Loaded GFSDK_Aftermath_Lib.x64.dll
LogICUInternationalization: ICU TimeZone Detection - Raw Offset: +0:00, Platform Override: ''
LogPluginManager: Mounting plugin Paper2D
LogPluginManager: Mounting plugin AISupport
LogPluginManager: Mounting plugin LightPropagationVolume
LogPluginManager: Mounting plugin ActorLayerUtilities
LogPluginManager: Mounting plugin AnimationSharing
LogPluginManager: Mounting plugin CLionSourceCodeAccess
LogPluginManager: Mounting plugin CodeLiteSourceCodeAccess
LogPluginManager: Mounting plugin GitSourceControl
LogPluginManager: Mounting plugin KDevelopSourceCodeAccess
LogPluginManager: Mounting plugin NullSourceCodeAccess
LogPluginManager: Mounting plugin PerforceSourceControl
LogPluginManager: Mounting plugin PlasticSourceControl
LogPluginManager: Mounting plugin SubversionSourceControl
LogPluginManager: Mounting plugin UObjectPlugin
LogPluginManager: Mounting plugin VisualStudioCodeSourceCodeAccess
LogPluginManager: Mounting plugin VisualStudioSourceCodeAccess
LogPluginManager: Mounting plugin XCodeSourceCodeAccess
LogPluginManager: Mounting plugin AssetManagerEditor
LogPluginManager: Mounting plugin CryptoKeys
LogPluginManager: Mounting plugin CurveEditorTools
LogPluginManager: Mounting plugin DataValidation
LogPluginManager: Mounting plugin FacialAnimation
LogPluginManager: Mounting plugin GameplayTagsEditor
LogPluginManager: Mounting plugin MacGraphicsSwitching
LogPluginManager: Mounting plugin MaterialAnalyzer
LogPluginManager: Mounting plugin MobileLauncherProfileWizard
LogPluginManager: Mounting plugin PluginBrowser
LogPluginManager: Mounting plugin SpeedTreeImporter
LogPluginManager: Mounting plugin DatasmithContent
LogPluginManager: Mounting plugin VariantManagerContent
LogPluginManager: Mounting plugin AlembicImporter
LogPluginManager: Mounting plugin AutomationUtils
LogPluginManager: Mounting plugin BackChannel
LogPluginManager: Mounting plugin CharacterAI
LogPluginManager: Mounting plugin GeometryCache
LogPluginManager: Mounting plugin PlatformCrypto
LogPluginManager: Mounting plugin ProxyLODPlugin
LogPluginManager: Mounting plugin SkeletalReduction
LogPluginManager: Mounting plugin MagicLeap
LogPluginManager: Mounting plugin MagicLeapMedia
LogPluginManager: Mounting plugin MLSDK
LogPluginManager: Mounting plugin AndroidMedia
LogPluginManager: Mounting plugin AvfMedia
LogPluginManager: Mounting plugin ImgMedia
LogPluginManager: Mounting plugin MediaCompositing
LogPluginManager: Mounting plugin MediaPlayerEditor
LogPluginManager: Mounting plugin WebMMedia
LogPluginManager: Mounting plugin WmfMedia
LogPluginManager: Mounting plugin TcpMessaging
LogPluginManager: Mounting plugin UdpMessaging
LogPluginManager: Mounting plugin ActorSequence
LogPluginManager: Mounting plugin LevelSequenceEditor
LogPluginManager: Mounting plugin MatineeToLevelSequence
LogPluginManager: Mounting plugin NetcodeUnitTest
LogPluginManager: Mounting plugin NUTUnrealEngine4
LogPluginManager: Mounting plugin OnlineSubsystemGooglePlay
LogPluginManager: Mounting plugin OnlineSubsystemIOS
LogPluginManager: Mounting plugin OnlineSubsystem
LogPluginManager: Mounting plugin OnlineSubsystemNull
LogPluginManager: Mounting plugin OnlineSubsystemUtils
LogPluginManager: Mounting plugin LauncherChunkInstaller
LogPluginManager: Mounting plugin AndroidDeviceProfileSelector
LogPluginManager: Mounting plugin AndroidMoviePlayer
LogPluginManager: Mounting plugin AndroidPermission
LogPluginManager: Mounting plugin AppleImageUtils
LogPluginManager: Mounting plugin AppleMoviePlayer
LogPluginManager: Mounting plugin ArchVisCharacter
LogPluginManager: Mounting plugin AssetTags
LogPluginManager: Mounting plugin AudioCapture
LogPluginManager: Mounting plugin CableComponent
LogPluginManager: Mounting plugin CustomMeshComponent
LogPluginManager: Mounting plugin EditableMesh
LogPluginManager: Mounting plugin ExampleDeviceProfileSelector
LogPluginManager: Mounting plugin GoogleCloudMessaging
LogPluginManager: Mounting plugin IOSDeviceProfileSelector
LogPluginManager: Mounting plugin LinuxDeviceProfileSelector
LogPluginManager: Mounting plugin LocationServicesBPLibrary
LogPluginManager: Mounting plugin MobilePatchingUtils
LogPluginManager: Mounting plugin OculusVR
LogPluginManager: Mounting plugin PhysXVehicles
LogPluginManager: Mounting plugin PostSplashScreen
LogPluginManager: Mounting plugin ProceduralMeshComponent
LogPluginManager: Mounting plugin RuntimePhysXCooking
LogPluginManager: Mounting plugin SignificanceManager
LogPluginManager: Mounting plugin SteamVR
LogPluginManager: Mounting plugin WebMMoviePlayer
LogPluginManager: Mounting plugin WindowsMoviePlayer
LogPluginManager: Mounting plugin ScreenshotTools
LogInit: Using libcurl 7.55.1-DEV
LogInit:  - built for x86_64-pc-win32
LogInit:  - supports SSL with OpenSSL/1.1.1
LogInit:  - supports HTTP deflate (compression) using libz 1.2.8
LogInit:  - other features:
LogInit:      CURL_VERSION_SSL
LogInit:      CURL_VERSION_LIBZ
LogInit:      CURL_VERSION_IPV6
LogInit:      CURL_VERSION_ASYNCHDNS
LogInit:      CURL_VERSION_LARGEFILE
LogInit:      CURL_VERSION_IDN
LogInit:  CurlRequestOptions (configurable via config and command line):
LogInit:  - bVerifyPeer = true  - Libcurl will verify peer certificate
LogInit:  - bUseHttpProxy = false  - Libcurl will NOT use HTTP proxy
LogInit:  - bDontReuseConnections = false  - Libcurl will reuse connections
LogInit:  - MaxHostConnections = 16  - Libcurl will limit the number of connections to a host
LogInit:  - LocalHostAddr = Default
LogInit:  - BufferSize = 65536
LogOnline: OSS: Creating online subsystem instance for: NULL
LogInit: WinSock: version 1.1 (2.2), MaxSocks=32767, MaxUdp=65467
LogOnline: OSS: TryLoadSubsystemAndSetDefault: Loaded subsystem for module [NULL]
LogInit: Build: ++UE4+Release-4.24-CL-11100242
LogInit: Engine Version: 4.24.2-11100242+++UE4+Release-4.24
LogInit: Compatible Engine Version: 4.24.0-10570792+++UE4+Release-4.24
LogInit: Net CL: 10570792
LogInit: OS: Windows 10 (Release 1809) (), CPU: AMD Ryzen 7 3750H with Radeon Vega Mobile Gfx  , GPU: AMD Radeon(TM) RX Vega 10 Graphics
LogInit: Compiled (64-bit): Jan 24 2020 02:05:53
LogInit: Compiled with Visual C++: 19.16.27032.01
LogInit: Build Configuration: Development
LogInit: Branch Name: ++UE4+Release-4.24
LogInit: Command Line: 
LogInit: Base Directory: C:/Program Files/Epic Games/UE_4.24/Engine/Binaries/Win64/
LogInit: Installed Engine Build: 1
LogDevObjectVersion: Number of dev versions registered: 25
LogDevObjectVersion:   Dev-Blueprints (B0D832E4-1F89-4F0D-ACCF-7EB736FD4AA2): 10
LogDevObjectVersion:   Dev-Build (E1C64328-A22C-4D53-A36C-8E866417BD8C): 0
LogDevObjectVersion:   Dev-Core (375EC13C-06E4-48FB-B500-84F0262A717E): 3
LogDevObjectVersion:   Dev-Editor (E4B068ED-F494-42E9-A231-DA0B2E46BB41): 37
LogDevObjectVersion:   Dev-Framework (CFFC743F-43B0-4480-9391-14DF171D2073): 36
LogDevObjectVersion:   Dev-Mobile (B02B49B5-BB20-44E9-A304-32B752E40360): 2
LogDevObjectVersion:   Dev-Networking (A4E4105C-59A1-49B5-A7C5-40C4547EDFEE): 0
LogDevObjectVersion:   Dev-Online (39C831C9-5AE6-47DC-9A44-9C173E1C8E7C): 0
LogDevObjectVersion:   Dev-Physics (78F01B33-EBEA-4F98-B9B4-84EACCB95AA2): 2
LogDevObjectVersion:   Dev-Platform (6631380F-2D4D-43E0-8009-CF276956A95A): 0
LogDevObjectVersion:   Dev-Rendering (12F88B9F-8875-4AFC-A67C-D90C383ABD29): 36
LogDevObjectVersion:   Dev-Sequencer (7B5AE74C-D270-4C10-A958-57980B212A5A): 11
LogDevObjectVersion:   Dev-VR (D7296918-1DD6-4BDD-9DE2-64A83CC13884): 2
LogDevObjectVersion:   Dev-LoadTimes (C2A15278-BFE7-4AFE-6C17-90FF531DF755): 1
LogDevObjectVersion:   Private-Geometry (6EACA3D4-40EC-4CC1-B786-8BED09428FC5): 3
LogDevObjectVersion:   Dev-AnimPhys (29E575DD-E0A3-4627-9D10-D276232CDCEA): 17
LogDevObjectVersion:   Dev-Anim (AF43A65D-7FD3-4947-9873-3E8ED9C1BB05): 2
LogDevObjectVersion:   Dev-ReflectionCapture (6B266CEC-1EC7-4B8F-A30B-E4D90942FC07): 1
LogDevObjectVersion:   Dev-Automation (0DF73D61-A23F-47EA-B727-89E90C41499A): 1
LogDevObjectVersion:   FortniteMain (601D1886-AC64-4F84-AA16-D3DE0DEAC7D6): 31
LogDevObjectVersion:   Dev-Enterprise (9DFFBCD6-494F-0158-E221-12823C92A888): 8
LogDevObjectVersion:   Dev-Niagara (F2AED0AC-9AFE-416F-8664-AA7FFA26D6FC): 1
LogDevObjectVersion:   Dev-Destruction (174F1F0B-B4C6-45A5-B13F-2EE8D0FB917D): 9
LogDevObjectVersion:   Dev-Physics-Ext (35F94A83-E258-406C-A318-09F59610247C): 8
LogDevObjectVersion:   Dev-CineCamera (B2E18506-4273-CFC2-A54E-F4BB758BBA07): 1
LogInit: Presizing for max 25165824 objects, including 0 objects not considered by GC, pre-allocating 0 bytes for permanent pool.
LogInit: Object subsystem initialized
LogConfig: Setting CVar [[con.DebugEarlyDefault:1]]
LogConfig: Setting CVar [[r.setres:1280x720]]
[2020.02.12-22.03.49:443][  0]LogConfig: Setting CVar [[r.VSync:0]]
[2020.02.12-22.03.49:443][  0]LogConfig: Setting CVar [[r.RHICmdBypass:0]]
[2020.02.12-22.03.49:443][  0]LogConfig: Applying CVar settings from Section [/Script/Engine.RendererSettings] File [C:/Users/jonat/Documents/GitHub/Makers_Unreality/turnBasedBattle/Saved/Config/Windows/Engine.ini]
[2020.02.12-22.03.49:443][  0]LogConfig: Setting CVar [[r.GPUCrashDebugging:0]]
[2020.02.12-22.03.49:443][  0]LogConfig: Applying CVar settings from Section [/Script/Engine.RendererOverrideSettings] File [C:/Users/jonat/Documents/GitHub/Makers_Unreality/turnBasedBattle/Saved/Config/Windows/Engine.ini]
[2020.02.12-22.03.49:443][  0]LogConfig: Applying CVar settings from Section [/Script/Engine.StreamingSettings] File [C:/Users/jonat/Documents/GitHub/Makers_Unreality/turnBasedBattle/Saved/Config/Windows/Engine.ini]
[2020.02.12-22.03.49:443][  0]LogConfig: Setting CVar [[s.MinBulkDataSizeForAsyncLoading:131072]]
[2020.02.12-22.03.49:443][  0]LogConfig: Setting CVar [[s.AsyncLoadingThreadEnabled:0]]
[2020.02.12-22.03.49:443][  0]LogConfig: Setting CVar [[s.EventDrivenLoaderEnabled:1]]
[2020.02.12-22.03.49:443][  0]LogConfig: Setting CVar [[s.WarnIfTimeLimitExceeded:0]]
[2020.02.12-22.03.49:443][  0]LogConfig: Setting CVar [[s.TimeLimitExceededMultiplier:1.5]]
[2020.02.12-22.03.49:443][  0]LogConfig: Setting CVar [[s.TimeLimitExceededMinTime:0.005]]
[2020.02.12-22.03.49:443][  0]LogConfig: Setting CVar [[s.UseBackgroundLevelStreaming:1]]
[2020.02.12-22.03.49:443][  0]LogConfig: Setting CVar [[s.PriorityAsyncLoadingExtraTime:15.0]]
[2020.02.12-22.03.49:443][  0]LogConfig: Setting CVar [[s.LevelStreamingActorsUpdateTimeLimit:5.0]]
[2020.02.12-22.03.49:443][  0]LogConfig: Setting CVar [[s.PriorityLevelStreamingActorsUpdateExtraTime:5.0]]
[2020.02.12-22.03.49:443][  0]LogConfig: Setting CVar [[s.LevelStreamingComponentsRegistrationGranularity:10]]
[2020.02.12-22.03.49:443][  0]LogConfig: Setting CVar [[s.UnregisterComponentsTimeLimit:1.0]]
[2020.02.12-22.03.49:443][  0]LogConfig: Setting CVar [[s.LevelStreamingComponentsUnregistrationGranularity:5]]
[2020.02.12-22.03.49:443][  0]LogConfig: Setting CVar [[s.FlushStreamingOnExit:1]]
[2020.02.12-22.03.49:443][  0]LogConfig: Applying CVar settings from Section [/Script/Engine.GarbageCollectionSettings] File [C:/Users/jonat/Documents/GitHub/Makers_Unreality/turnBasedBattle/Saved/Config/Windows/Engine.ini]
[2020.02.12-22.03.49:444][  0]LogConfig: Setting CVar [[gc.MaxObjectsNotConsideredByGC:1]]
[2020.02.12-22.03.49:444][  0]LogConfig: Setting CVar [[gc.SizeOfPermanentObjectPool:0]]
[2020.02.12-22.03.49:444][  0]LogConfig: Setting CVar [[gc.FlushStreamingOnGC:0]]
[2020.02.12-22.03.49:444][  0]LogConfig: Setting CVar [[gc.NumRetriesBeforeForcingGC:10]]
[2020.02.12-22.03.49:444][  0]LogConfig: Setting CVar [[gc.AllowParallelGC:1]]
[2020.02.12-22.03.49:444][  0]LogConfig: Setting CVar [[gc.TimeBetweenPurgingPendingKillObjects:61.1]]
[2020.02.12-22.03.49:444][  0]LogConfig: Setting CVar [[gc.MaxObjectsInEditor:25165824]]
[2020.02.12-22.03.49:444][  0]LogConfig: Setting CVar [[gc.IncrementalBeginDestroyEnabled:1]]
[2020.02.12-22.03.49:444][  0]LogConfig: Setting CVar [[gc.CreateGCClusters:1]]
[2020.02.12-22.03.49:444][  0]LogConfig: Setting CVar [[gc.MinGCClusterSize:5]]
[2020.02.12-22.03.49:444][  0]LogConfig: Setting CVar [[gc.ActorClusteringEnabled:0]]
[2020.02.12-22.03.49:444][  0]LogConfig: Setting CVar [[gc.BlueprintClusteringEnabled:0]]
[2020.02.12-22.03.49:444][  0]LogConfig: Setting CVar [[gc.UseDisregardForGCOnDedicatedServers:0]]
[2020.02.12-22.03.49:444][  0]LogConfig: Applying CVar settings from Section [/Script/Engine.NetworkSettings] File [C:/Users/jonat/Documents/GitHub/Makers_Unreality/turnBasedBattle/Saved/Config/Windows/Engine.ini]
[2020.02.12-22.03.49:444][  0]LogConfig: Applying CVar settings from Section [/Script/UnrealEd.CookerSettings] File [C:/Users/jonat/Documents/GitHub/Makers_Unreality/turnBasedBattle/Saved/Config/Windows/Engine.ini]
[2020.02.12-22.03.49:447][  0]LogConfig: Applying CVar settings from Section [ViewDistanceQuality@3] File [C:/Users/jonat/Documents/GitHub/Makers_Unreality/turnBasedBattle/Saved/Config/Windows/Scalability.ini]
[2020.02.12-22.03.49:447][  0]LogConfig: Setting CVar [[r.SkeletalMeshLODBias:0]]
[2020.02.12-22.03.49:447][  0]LogConfig: Setting CVar [[r.ViewDistanceScale:1.0]]
[2020.02.12-22.03.49:447][  0]LogConfig: Applying CVar settings from Section [AntiAliasingQuality@3] File [C:/Users/jonat/Documents/GitHub/Makers_Unreality/turnBasedBattle/Saved/Config/Windows/Scalability.ini]
[2020.02.12-22.03.49:447][  0]LogConfig: Setting CVar [[r.PostProcessAAQuality:4]]
[2020.02.12-22.03.49:447][  0]LogConfig: Applying CVar settings from Section [ShadowQuality@3] File [C:/Users/jonat/Documents/GitHub/Makers_Unreality/turnBasedBattle/Saved/Config/Windows/Scalability.ini]
[2020.02.12-22.03.49:447][  0]LogConfig: Setting CVar [[r.LightFunctionQuality:1]]
[2020.02.12-22.03.49:447][  0]LogConfig: Setting CVar [[r.ShadowQuality:5]]
[2020.02.12-22.03.49:447][  0]LogConfig: Setting CVar [[r.Shadow.CSM.MaxCascades:10]]
[2020.02.12-22.03.49:447][  0]LogConfig: Setting CVar [[r.Shadow.MaxResolution:2048]]
[2020.02.12-22.03.49:447][  0]LogConfig: Setting CVar [[r.Shadow.MaxCSMResolution:2048]]
[2020.02.12-22.03.49:447][  0]LogConfig: Setting CVar [[r.Shadow.RadiusThreshold:0.01]]
[2020.02.12-22.03.49:447][  0]LogConfig: Setting CVar [[r.Shadow.DistanceScale:1.0]]
[2020.02.12-22.03.49:447][  0]LogConfig: Setting CVar [[r.Shadow.CSM.TransitionScale:1.0]]
[2020.02.12-22.03.49:447][  0]LogConfig: Setting CVar [[r.Shadow.PreShadowResolutionFactor:1.0]]
[2020.02.12-22.03.49:447][  0]LogConfig: Setting CVar [[r.DistanceFieldShadowing:1]]
[2020.02.12-22.03.49:447][  0]LogConfig: Setting CVar [[r.DistanceFieldAO:1]]
[2020.02.12-22.03.49:447][  0]LogConfig: Setting CVar [[r.AOQuality:2]]
[2020.02.12-22.03.49:447][  0]LogConfig: Setting CVar [[r.VolumetricFog:1]]
[2020.02.12-22.03.49:447][  0]LogConfig: Setting CVar [[r.VolumetricFog.GridPixelSize:8]]
[2020.02.12-22.03.49:447][  0]LogConfig: Setting CVar [[r.VolumetricFog.GridSizeZ:128]]
[2020.02.12-22.03.49:447][  0]LogConfig: Setting CVar [[r.VolumetricFog.HistoryMissSupersampleCount:4]]
[2020.02.12-22.03.49:447][  0]LogConfig: Setting CVar [[r.LightMaxDrawDistanceScale:1]]
[2020.02.12-22.03.49:447][  0]LogConfig: Setting CVar [[r.CapsuleShadows:1]]
[2020.02.12-22.03.49:447][  0]LogConfig: Applying CVar settings from Section [PostProcessQuality@3] File [C:/Users/jonat/Documents/GitHub/Makers_Unreality/turnBasedBattle/Saved/Config/Windows/Scalability.ini]
[2020.02.12-22.03.49:447][  0]LogConfig: Setting CVar [[r.MotionBlurQuality:4]]
[2020.02.12-22.03.49:447][  0]LogConfig: Setting CVar [[r.AmbientOcclusionMipLevelFactor:0.4]]
[2020.02.12-22.03.49:447][  0]LogConfig: Setting CVar [[r.AmbientOcclusionMaxQuality:100]]
[2020.02.12-22.03.49:447][  0]LogConfig: Setting CVar [[r.AmbientOcclusionLevels:-1]]
[2020.02.12-22.03.49:447][  0]LogConfig: Setting CVar [[r.AmbientOcclusionRadiusScale:1.0]]
[2020.02.12-22.03.49:448][  0]LogConfig: Setting CVar [[r.DepthOfFieldQuality:2]]
[2020.02.12-22.03.49:448][  0]LogConfig: Setting CVar [[r.RenderTargetPoolMin:400]]
[2020.02.12-22.03.49:448][  0]LogConfig: Setting CVar [[r.LensFlareQuality:2]]
[2020.02.12-22.03.49:448][  0]LogConfig: Setting CVar [[r.SceneColorFringeQuality:1]]
[2020.02.12-22.03.49:448][  0]LogConfig: Setting CVar [[r.EyeAdaptationQuality:2]]
[2020.02.12-22.03.49:448][  0]LogConfig: Setting CVar [[r.BloomQuality:5]]
[2020.02.12-22.03.49:448][  0]LogConfig: Setting CVar [[r.FastBlurThreshold:100]]
[2020.02.12-22.03.49:448][  0]LogConfig: Setting CVar [[r.Upscale.Quality:3]]
[2020.02.12-22.03.49:448][  0]LogConfig: Setting CVar [[r.Tonemapper.GrainQuantization:1]]
[2020.02.12-22.03.49:448][  0]LogConfig: Setting CVar [[r.LightShaftQuality:1]]
[2020.02.12-22.03.49:448][  0]LogConfig: Setting CVar [[r.Filter.SizeScale:1]]
[2020.02.12-22.03.49:448][  0]LogConfig: Setting CVar [[r.Tonemapper.Quality:5]]
[2020.02.12-22.03.49:448][  0]LogConfig: Setting CVar [[r.DOF.Gather.AccumulatorQuality:1        ; higher gathering accumulator quality]]
[2020.02.12-22.03.49:448][  0]LogConfig: Setting CVar [[r.DOF.Gather.PostfilterMethod:1          ; Median3x3 postfilering method]]
[2020.02.12-22.03.49:448][  0]LogConfig: Setting CVar [[r.DOF.Gather.EnableBokehSettings:0       ; no bokeh simulation when gathering]]
[2020.02.12-22.03.49:448][  0]LogConfig: Setting CVar [[r.DOF.Gather.RingCount:4                 ; medium number of samples when gathering]]
[2020.02.12-22.03.49:448][  0]LogConfig: Setting CVar [[r.DOF.Scatter.ForegroundCompositing:1    ; additive foreground scattering]]
[2020.02.12-22.03.49:448][  0]LogConfig: Setting CVar [[r.DOF.Scatter.BackgroundCompositing:2    ; additive background scattering]]
[2020.02.12-22.03.49:448][  0]LogConfig: Setting CVar [[r.DOF.Scatter.EnableBokehSettings:1      ; bokeh simulation when scattering]]
[2020.02.12-22.03.49:448][  0]LogConfig: Setting CVar [[r.DOF.Scatter.MaxSpriteRatio:0.1         ; only a maximum of 10% of scattered bokeh]]
[2020.02.12-22.03.49:448][  0]LogConfig: Setting CVar [[r.DOF.Recombine.Quality:1                ; cheap slight out of focus]]
[2020.02.12-22.03.49:448][  0]LogConfig: Setting CVar [[r.DOF.Recombine.EnableBokehSettings:0    ; no bokeh simulation on slight out of focus]]
[2020.02.12-22.03.49:448][  0]LogConfig: Setting CVar [[r.DOF.TemporalAAQuality:1                ; more stable temporal accumulation]]
[2020.02.12-22.03.49:448][  0]LogConfig: Setting CVar [[r.DOF.Kernel.MaxForegroundRadius:0.025]]
[2020.02.12-22.03.49:448][  0]LogConfig: Setting CVar [[r.DOF.Kernel.MaxBackgroundRadius:0.025]]
[2020.02.12-22.03.49:448][  0]LogConfig: Applying CVar settings from Section [TextureQuality@3] File [C:/Users/jonat/Documents/GitHub/Makers_Unreality/turnBasedBattle/Saved/Config/Windows/Scalability.ini]
[2020.02.12-22.03.49:448][  0]LogConfig: Setting CVar [[r.Streaming.MipBias:0]]
[2020.02.12-22.03.49:448][  0]LogConfig: Setting CVar [[r.Streaming.AmortizeCPUToGPUCopy:0]]
[2020.02.12-22.03.49:448][  0]LogConfig: Setting CVar [[r.Streaming.MaxNumTexturesToStreamPerFrame:0]]
[2020.02.12-22.03.49:448][  0]LogConfig: Setting CVar [[r.Streaming.Boost:1]]
[2020.02.12-22.03.49:448][  0]LogConfig: Setting CVar [[r.MaxAnisotropy:8]]
[2020.02.12-22.03.49:448][  0]LogConfig: Setting CVar [[r.VT.MaxAnisotropy:8]]
[2020.02.12-22.03.49:448][  0]LogConfig: Setting CVar [[r.Streaming.LimitPoolSizeToVRAM:0]]
[2020.02.12-22.03.49:448][  0]LogConfig: Setting CVar [[r.Streaming.PoolSize:1000]]
[2020.02.12-22.03.49:448][  0]LogConfig: Setting CVar [[r.Streaming.MaxEffectiveScreenSize:0]]
[2020.02.12-22.03.49:448][  0]LogConfig: Applying CVar settings from Section [EffectsQuality@3] File [C:/Users/jonat/Documents/GitHub/Makers_Unreality/turnBasedBattle/Saved/Config/Windows/Scalability.ini]
[2020.02.12-22.03.49:448][  0]LogConfig: Setting CVar [[r.TranslucencyLightingVolumeDim:64]]
[2020.02.12-22.03.49:448][  0]LogConfig: Setting CVar [[r.RefractionQuality:2]]
[2020.02.12-22.03.49:448][  0]LogConfig: Setting CVar [[r.SSR.Quality:3]]
[2020.02.12-22.03.49:448][  0]LogConfig: Setting CVar [[r.SSR.HalfResSceneColor:0]]
[2020.02.12-22.03.49:448][  0]LogConfig: Setting CVar [[r.SceneColorFormat:4]]
[2020.02.12-22.03.49:448][  0]LogConfig: Setting CVar [[r.DetailMode:2]]
[2020.02.12-22.03.49:448][  0]LogConfig: Setting CVar [[r.TranslucencyVolumeBlur:1]]
[2020.02.12-22.03.49:448][  0]LogConfig: Setting CVar [[r.MaterialQualityLevel:1 ; High quality]]
[2020.02.12-22.03.49:448][  0]LogConfig: Setting CVar [[r.SSS.Scale:1]]
[2020.02.12-22.03.49:448][  0]LogConfig: Setting CVar [[r.SSS.SampleSet:2]]
[2020.02.12-22.03.49:448][  0]LogConfig: Setting CVar [[r.SSS.Quality:1]]
[2020.02.12-22.03.49:448][  0]LogConfig: Setting CVar [[r.SSS.HalfRes:1]]
[2020.02.12-22.03.49:448][  0]LogConfig: Setting CVar [[r.SSGI.Quality:3]]
[2020.02.12-22.03.49:448][  0]LogConfig: Setting CVar [[r.EmitterSpawnRateScale:1.0]]
[2020.02.12-22.03.49:448][  0]LogConfig: Setting CVar [[r.ParticleLightQuality:2]]
[2020.02.12-22.03.49:448][  0]LogConfig: Setting CVar [[r.SkyAtmosphere.AerialPerspectiveLUT.FastApplyOnOpaque:1 ; Always have FastSkyLUT 1 in this case to avoid wrong sky]]
[2020.02.12-22.03.49:448][  0]LogConfig: Setting CVar [[r.SkyAtmosphere.AerialPerspectiveLUT.SampleCountPerSlice:1]]
[2020.02.12-22.03.49:448][  0]LogConfig: Setting CVar [[r.SkyAtmosphere.AerialPerspectiveLUT.DepthResolution:16.0]]
[2020.02.12-22.03.49:448][  0]LogConfig: Setting CVar [[r.SkyAtmosphere.FastSkyLUT:1]]
[2020.02.12-22.03.49:448][  0]LogConfig: Setting CVar [[r.SkyAtmosphere.FastSkyLUT.SampleCountMin:4.0]]
[2020.02.12-22.03.49:448][  0]LogConfig: Setting CVar [[r.SkyAtmosphere.FastSkyLUT.SampleCountMax:32.0]]
[2020.02.12-22.03.49:448][  0]LogConfig: Setting CVar [[r.SkyAtmosphere.SampleCountMin:4.0]]
[2020.02.12-22.03.49:448][  0]LogConfig: Setting CVar [[r.SkyAtmosphere.SampleCountMax:32.0]]
[2020.02.12-22.03.49:448][  0]LogConfig: Setting CVar [[r.SkyAtmosphere.TransmittanceLUT.UseSmallFormat:0]]
[2020.02.12-22.03.49:448][  0]LogConfig: Setting CVar [[r.SkyAtmosphere.TransmittanceLUT.SampleCount:10.0]]
[2020.02.12-22.03.49:448][  0]LogConfig: Setting CVar [[r.SkyAtmosphere.MultiScatteringLUT.SampleCount:15.0]]
[2020.02.12-22.03.49:448][  0]LogConfig: Applying CVar settings from Section [FoliageQuality@3] File [C:/Users/jonat/Documents/GitHub/Makers_Unreality/turnBasedBattle/Saved/Config/Windows/Scalability.ini]
[2020.02.12-22.03.49:448][  0]LogConfig: Setting CVar [[foliage.DensityScale:1.0]]
[2020.02.12-22.03.49:448][  0]LogConfig: Setting CVar [[grass.DensityScale:1.0]]
[2020.02.12-22.03.49:448][  0]LogConfig: Applying CVar settings from Section [ShadingQuality@3] File [C:/Users/jonat/Documents/GitHub/Makers_Unreality/turnBasedBattle/Saved/Config/Windows/Scalability.ini]
[2020.02.12-22.03.49:448][  0]LogConfig: Setting CVar [[r.HairStrands.SkyLighting.SampleCount:16]]
[2020.02.12-22.03.49:448][  0]LogConfig: Setting CVar [[r.HairStrands.SkyLighting.JitterIntegration:0]]
[2020.02.12-22.03.49:448][  0]LogConfig: Setting CVar [[r.HairStrands.SkyAO.SampleCount:16]]
[2020.02.12-22.03.49:448][  0]LogInit: Selected Device Profile: [Windows]
[2020.02.12-22.03.49:448][  0]LogInit: Applying CVar settings loaded from the selected device profile: [Windows]
[2020.02.12-22.03.49:451][  0]LogHAL: Display: Platform has ~ 16 GB [16978477056 / 17179869184 / 16], which maps to Larger [LargestMinGB=32, LargerMinGB=12, DefaultMinGB=8, SmallerMinGB=6, SmallestMinGB=0)
[2020.02.12-22.03.49:452][  0]LogInit: Going up to parent DeviceProfile []
[2020.02.12-22.03.49:452][  0]LogConfig: Applying CVar settings from Section [ViewDistanceQuality@3] File [C:/Users/jonat/Documents/GitHub/Makers_Unreality/turnBasedBattle/Saved/Config/Windows/Scalability.ini]
[2020.02.12-22.03.49:452][  0]LogConfig: Setting CVar [[r.SkeletalMeshLODBias:0]]
[2020.02.12-22.03.49:452][  0]LogConfig: Setting CVar [[r.ViewDistanceScale:1.0]]
[2020.02.12-22.03.49:452][  0]LogConfig: Applying CVar settings from Section [AntiAliasingQuality@3] File [C:/Users/jonat/Documents/GitHub/Makers_Unreality/turnBasedBattle/Saved/Config/Windows/Scalability.ini]
[2020.02.12-22.03.49:452][  0]LogConfig: Setting CVar [[r.PostProcessAAQuality:4]]
[2020.02.12-22.03.49:452][  0]LogConfig: Applying CVar settings from Section [ShadowQuality@3] File [C:/Users/jonat/Documents/GitHub/Makers_Unreality/turnBasedBattle/Saved/Config/Windows/Scalability.ini]
[2020.02.12-22.03.49:452][  0]LogConfig: Setting CVar [[r.LightFunctionQuality:1]]
[2020.02.12-22.03.49:452][  0]LogConfig: Setting CVar [[r.ShadowQuality:5]]
[2020.02.12-22.03.49:452][  0]LogConfig: Setting CVar [[r.Shadow.CSM.MaxCascades:10]]
[2020.02.12-22.03.49:452][  0]LogConfig: Setting CVar [[r.Shadow.MaxResolution:2048]]
[2020.02.12-22.03.49:452][  0]LogConfig: Setting CVar [[r.Shadow.MaxCSMResolution:2048]]
[2020.02.12-22.03.49:452][  0]LogConfig: Setting CVar [[r.Shadow.RadiusThreshold:0.01]]
[2020.02.12-22.03.49:452][  0]LogConfig: Setting CVar [[r.Shadow.DistanceScale:1.0]]
[2020.02.12-22.03.49:452][  0]LogConfig: Setting CVar [[r.Shadow.CSM.TransitionScale:1.0]]
[2020.02.12-22.03.49:452][  0]LogConfig: Setting CVar [[r.Shadow.PreShadowResolutionFactor:1.0]]
[2020.02.12-22.03.49:452][  0]LogConfig: Setting CVar [[r.DistanceFieldShadowing:1]]
[2020.02.12-22.03.49:452][  0]LogConfig: Setting CVar [[r.DistanceFieldAO:1]]
[2020.02.12-22.03.49:452][  0]LogConfig: Setting CVar [[r.AOQuality:2]]
[2020.02.12-22.03.49:452][  0]LogConfig: Setting CVar [[r.VolumetricFog:1]]
[2020.02.12-22.03.49:452][  0]LogConfig: Setting CVar [[r.VolumetricFog.GridPixelSize:8]]
[2020.02.12-22.03.49:452][  0]LogConfig: Setting CVar [[r.VolumetricFog.GridSizeZ:128]]
[2020.02.12-22.03.49:452][  0]LogConfig: Setting CVar [[r.VolumetricFog.HistoryMissSupersampleCount:4]]
[2020.02.12-22.03.49:452][  0]LogConfig: Setting CVar [[r.LightMaxDrawDistanceScale:1]]
[2020.02.12-22.03.49:452][  0]LogConfig: Setting CVar [[r.CapsuleShadows:1]]
[2020.02.12-22.03.49:452][  0]LogConfig: Applying CVar settings from Section [PostProcessQuality@3] File [C:/Users/jonat/Documents/GitHub/Makers_Unreality/turnBasedBattle/Saved/Config/Windows/Scalability.ini]
[2020.02.12-22.03.49:452][  0]LogConfig: Setting CVar [[r.MotionBlurQuality:4]]
[2020.02.12-22.03.49:452][  0]LogConfig: Setting CVar [[r.AmbientOcclusionMipLevelFactor:0.4]]
[2020.02.12-22.03.49:452][  0]LogConfig: Setting CVar [[r.AmbientOcclusionMaxQuality:100]]
[2020.02.12-22.03.49:452][  0]LogConfig: Setting CVar [[r.AmbientOcclusionLevels:-1]]
[2020.02.12-22.03.49:452][  0]LogConfig: Setting CVar [[r.AmbientOcclusionRadiusScale:1.0]]
[2020.02.12-22.03.49:452][  0]LogConfig: Setting CVar [[r.DepthOfFieldQuality:2]]
[2020.02.12-22.03.49:452][  0]LogConfig: Setting CVar [[r.RenderTargetPoolMin:400]]
[2020.02.12-22.03.49:452][  0]LogConfig: Setting CVar [[r.LensFlareQuality:2]]
[2020.02.12-22.03.49:452][  0]LogConfig: Setting CVar [[r.SceneColorFringeQuality:1]]
[2020.02.12-22.03.49:452][  0]LogConfig: Setting CVar [[r.EyeAdaptationQuality:2]]
[2020.02.12-22.03.49:452][  0]LogConfig: Setting CVar [[r.BloomQuality:5]]
[2020.02.12-22.03.49:452][  0]LogConfig: Setting CVar [[r.FastBlurThreshold:100]]
[2020.02.12-22.03.49:452][  0]LogConfig: Setting CVar [[r.Upscale.Quality:3]]
[2020.02.12-22.03.49:452][  0]LogConfig: Setting CVar [[r.Tonemapper.GrainQuantization:1]]
[2020.02.12-22.03.49:452][  0]LogConfig: Setting CVar [[r.LightShaftQuality:1]]
[2020.02.12-22.03.49:452][  0]LogConfig: Setting CVar [[r.Filter.SizeScale:1]]
[2020.02.12-22.03.49:452][  0]LogConfig: Setting CVar [[r.Tonemapper.Quality:5]]
[2020.02.12-22.03.49:452][  0]LogConfig: Setting CVar [[r.DOF.Gather.AccumulatorQuality:1        ; higher gathering accumulator quality]]
[2020.02.12-22.03.49:452][  0]LogConfig: Setting CVar [[r.DOF.Gather.PostfilterMethod:1          ; Median3x3 postfilering method]]
[2020.02.12-22.03.49:452][  0]LogConfig: Setting CVar [[r.DOF.Gather.EnableBokehSettings:0       ; no bokeh simulation when gathering]]
[2020.02.12-22.03.49:452][  0]LogConfig: Setting CVar [[r.DOF.Gather.RingCount:4                 ; medium number of samples when gathering]]
[2020.02.12-22.03.49:452][  0]LogConfig: Setting CVar [[r.DOF.Scatter.ForegroundCompositing:1    ; additive foreground scattering]]
[2020.02.12-22.03.49:452][  0]LogConfig: Setting CVar [[r.DOF.Scatter.BackgroundCompositing:2    ; additive background scattering]]
[2020.02.12-22.03.49:452][  0]LogConfig: Setting CVar [[r.DOF.Scatter.EnableBokehSettings:1      ; bokeh simulation when scattering]]
[2020.02.12-22.03.49:452][  0]LogConfig: Setting CVar [[r.DOF.Scatter.MaxSpriteRatio:0.1         ; only a maximum of 10% of scattered bokeh]]
[2020.02.12-22.03.49:452][  0]LogConfig: Setting CVar [[r.DOF.Recombine.Quality:1                ; cheap slight out of focus]]
[2020.02.12-22.03.49:452][  0]LogConfig: Setting CVar [[r.DOF.Recombine.EnableBokehSettings:0    ; no bokeh simulation on slight out of focus]]
[2020.02.12-22.03.49:452][  0]LogConfig: Setting CVar [[r.DOF.TemporalAAQuality:1                ; more stable temporal accumulation]]
[2020.02.12-22.03.49:452][  0]LogConfig: Setting CVar [[r.DOF.Kernel.MaxForegroundRadius:0.025]]
[2020.02.12-22.03.49:452][  0]LogConfig: Setting CVar [[r.DOF.Kernel.MaxBackgroundRadius:0.025]]
[2020.02.12-22.03.49:452][  0]LogConfig: Applying CVar settings from Section [TextureQuality@3] File [C:/Users/jonat/Documents/GitHub/Makers_Unreality/turnBasedBattle/Saved/Config/Windows/Scalability.ini]
[2020.02.12-22.03.49:452][  0]LogConfig: Setting CVar [[r.Streaming.MipBias:0]]
[2020.02.12-22.03.49:452][  0]LogConfig: Setting CVar [[r.Streaming.AmortizeCPUToGPUCopy:0]]
[2020.02.12-22.03.49:452][  0]LogConfig: Setting CVar [[r.Streaming.MaxNumTexturesToStreamPerFrame:0]]
[2020.02.12-22.03.49:452][  0]LogConfig: Setting CVar [[r.Streaming.Boost:1]]
[2020.02.12-22.03.49:452][  0]LogConfig: Setting CVar [[r.MaxAnisotropy:8]]
[2020.02.12-22.03.49:452][  0]LogConfig: Setting CVar [[r.VT.MaxAnisotropy:8]]
[2020.02.12-22.03.49:452][  0]LogConfig: Setting CVar [[r.Streaming.LimitPoolSizeToVRAM:0]]
[2020.02.12-22.03.49:452][  0]LogConfig: Setting CVar [[r.Streaming.PoolSize:1000]]
[2020.02.12-22.03.49:452][  0]LogConfig: Setting CVar [[r.Streaming.MaxEffectiveScreenSize:0]]
[2020.02.12-22.03.49:452][  0]LogConfig: Applying CVar settings from Section [EffectsQuality@3] File [C:/Users/jonat/Documents/GitHub/Makers_Unreality/turnBasedBattle/Saved/Config/Windows/Scalability.ini]
[2020.02.12-22.03.49:452][  0]LogConfig: Setting CVar [[r.TranslucencyLightingVolumeDim:64]]
[2020.02.12-22.03.49:452][  0]LogConfig: Setting CVar [[r.RefractionQuality:2]]
[2020.02.12-22.03.49:452][  0]LogConfig: Setting CVar [[r.SSR.Quality:3]]
[2020.02.12-22.03.49:452][  0]LogConfig: Setting CVar [[r.SSR.HalfResSceneColor:0]]
[2020.02.12-22.03.49:453][  0]LogConfig: Setting CVar [[r.SceneColorFormat:4]]
[2020.02.12-22.03.49:453][  0]LogConfig: Setting CVar [[r.DetailMode:2]]
[2020.02.12-22.03.49:453][  0]LogConfig: Setting CVar [[r.TranslucencyVolumeBlur:1]]
[2020.02.12-22.03.49:453][  0]LogConfig: Setting CVar [[r.MaterialQualityLevel:1 ; High quality]]
[2020.02.12-22.03.49:453][  0]LogConfig: Setting CVar [[r.SSS.Scale:1]]
[2020.02.12-22.03.49:453][  0]LogConfig: Setting CVar [[r.SSS.SampleSet:2]]
[2020.02.12-22.03.49:453][  0]LogConfig: Setting CVar [[r.SSS.Quality:1]]
[2020.02.12-22.03.49:453][  0]LogConfig: Setting CVar [[r.SSS.HalfRes:1]]
[2020.02.12-22.03.49:453][  0]LogConfig: Setting CVar [[r.SSGI.Quality:3]]
[2020.02.12-22.03.49:453][  0]LogConfig: Setting CVar [[r.EmitterSpawnRateScale:1.0]]
[2020.02.12-22.03.49:453][  0]LogConfig: Setting CVar [[r.ParticleLightQuality:2]]
[2020.02.12-22.03.49:453][  0]LogConfig: Setting CVar [[r.SkyAtmosphere.AerialPerspectiveLUT.FastApplyOnOpaque:1 ; Always have FastSkyLUT 1 in this case to avoid wrong sky]]
[2020.02.12-22.03.49:453][  0]LogConfig: Setting CVar [[r.SkyAtmosphere.AerialPerspectiveLUT.SampleCountPerSlice:1]]
[2020.02.12-22.03.49:453][  0]LogConfig: Setting CVar [[r.SkyAtmosphere.AerialPerspectiveLUT.DepthResolution:16.0]]
[2020.02.12-22.03.49:453][  0]LogConfig: Setting CVar [[r.SkyAtmosphere.FastSkyLUT:1]]
[2020.02.12-22.03.49:453][  0]LogConfig: Setting CVar [[r.SkyAtmosphere.FastSkyLUT.SampleCountMin:4.0]]
[2020.02.12-22.03.49:453][  0]LogConfig: Setting CVar [[r.SkyAtmosphere.FastSkyLUT.SampleCountMax:32.0]]
[2020.02.12-22.03.49:453][  0]LogConfig: Setting CVar [[r.SkyAtmosphere.SampleCountMin:4.0]]
[2020.02.12-22.03.49:453][  0]LogConfig: Setting CVar [[r.SkyAtmosphere.SampleCountMax:32.0]]
[2020.02.12-22.03.49:453][  0]LogConfig: Setting CVar [[r.SkyAtmosphere.TransmittanceLUT.UseSmallFormat:0]]
[2020.02.12-22.03.49:453][  0]LogConfig: Setting CVar [[r.SkyAtmosphere.TransmittanceLUT.SampleCount:10.0]]
[2020.02.12-22.03.49:453][  0]LogConfig: Setting CVar [[r.SkyAtmosphere.MultiScatteringLUT.SampleCount:15.0]]
[2020.02.12-22.03.49:453][  0]LogConfig: Applying CVar settings from Section [FoliageQuality@3] File [C:/Users/jonat/Documents/GitHub/Makers_Unreality/turnBasedBattle/Saved/Config/Windows/Scalability.ini]
[2020.02.12-22.03.49:453][  0]LogConfig: Setting CVar [[foliage.DensityScale:1.0]]
[2020.02.12-22.03.49:453][  0]LogConfig: Setting CVar [[grass.DensityScale:1.0]]
[2020.02.12-22.03.49:453][  0]LogConfig: Applying CVar settings from Section [ShadingQuality@3] File [C:/Users/jonat/Documents/GitHub/Makers_Unreality/turnBasedBattle/Saved/Config/Windows/Scalability.ini]
[2020.02.12-22.03.49:453][  0]LogConfig: Setting CVar [[r.HairStrands.SkyLighting.SampleCount:16]]
[2020.02.12-22.03.49:453][  0]LogConfig: Setting CVar [[r.HairStrands.SkyLighting.JitterIntegration:0]]
[2020.02.12-22.03.49:453][  0]LogConfig: Setting CVar [[r.HairStrands.SkyAO.SampleCount:16]]
[2020.02.12-22.03.49:453][  0]LogConfig: Applying CVar settings from Section [Startup] File [../../../Engine/Config/ConsoleVariables.ini]
[2020.02.12-22.03.49:453][  0]LogConfig: Setting CVar [[net.UseAdaptiveNetUpdateFrequency:0]]
[2020.02.12-22.03.49:453][  0]LogConfig: Setting CVar [[p.chaos.AllowCreatePhysxBodies:1]]
[2020.02.12-22.03.49:453][  0]LogConfig: Applying CVar settings from Section [ConsoleVariables] File [C:/Users/jonat/Documents/GitHub/Makers_Unreality/turnBasedBattle/Saved/Config/Windows/Engine.ini]
[2020.02.12-22.03.49:453][  0]LogInit: Computer: LAPTOP-34QR6U5V
[2020.02.12-22.03.49:453][  0]LogInit: User: jonat
[2020.02.12-22.03.49:453][  0]LogInit: CPU Page size=4096, Cores=4
[2020.02.12-22.03.49:453][  0]LogInit: High frequency timer resolution =10.000000 MHz
[2020.02.12-22.03.49:454][  0]LogMemory: Memory total: Physical=15.8GB (16GB approx)
[2020.02.12-22.03.49:454][  0]LogMemory: Platform Memory Stats for Windows
[2020.02.12-22.03.49:454][  0]LogMemory: Process Physical Memory: 104.71 MB used, 104.72 MB peak
[2020.02.12-22.03.49:454][  0]LogMemory: Process Virtual Memory: 100.36 MB used, 100.36 MB peak
[2020.02.12-22.03.49:454][  0]LogMemory: Physical Memory: 5211.95 MB used,  10979.99 MB free, 16191.94 MB total
[2020.02.12-22.03.49:454][  0]LogMemory: Virtual Memory: 5152.19 MB used,  134212576.00 MB free, 134217728.00 MB total
[2020.02.12-22.03.49:492][  0]LogWindows: WindowsPlatformFeatures enabled
[2020.02.12-22.03.49:524][  0]LogInit: Using OS detected language (en-GB).
[2020.02.12-22.03.49:524][  0]LogInit: Using OS detected locale (en-GB).
[2020.02.12-22.03.49:525][  0]LogTextLocalizationManager: No specific localization for 'en-GB' exists, so the 'en' localization will be used.
[2020.02.12-22.03.49:727][  0]LogInit: Setting process to per monitor DPI aware
[2020.02.12-22.03.49:761][  0]LogSlate: New Slate User Created.  User Index 0, Is Virtual User: 0
[2020.02.12-22.03.49:761][  0]LogSlate: Slate User Registered.  User Index 0, Is Virtual User: 0
[2020.02.12-22.03.49:982][  0]LogHMD: Failed to initialize OpenVR with code 110
[2020.02.12-22.03.49:982][  0]LogD3D11RHI: D3D11 min allowed feature level: 11_0
[2020.02.12-22.03.49:982][  0]LogD3D11RHI: D3D11 max allowed feature level: 11_0
[2020.02.12-22.03.49:982][  0]LogD3D11RHI: D3D11 adapters:
[2020.02.12-22.03.50:124][  0]LogD3D11RHI:    0. 'NVIDIA GeForce GTX 1660 Ti with Max-Q Design' (Feature Level 11_0)
[2020.02.12-22.03.50:124][  0]LogD3D11RHI:       5991/0/8095 MB DedicatedVideo/DedicatedSystem/SharedSystem, Outputs:1, VendorId:0x10de
[2020.02.12-22.03.50:158][  0]LogD3D11RHI:    1. 'AMD Radeon(TM) RX Vega 10 Graphics' (Feature Level 11_0)
[2020.02.12-22.03.50:158][  0]LogD3D11RHI:       112/0/8095 MB DedicatedVideo/DedicatedSystem/SharedSystem, Outputs:0, VendorId:0x1002
[2020.02.12-22.03.50:161][  0]LogD3D11RHI:    2. 'Microsoft Basic Render Driver' (Feature Level 11_0)
[2020.02.12-22.03.50:161][  0]LogD3D11RHI:       0/0/8095 MB DedicatedVideo/DedicatedSystem/SharedSystem, Outputs:0, VendorId:0x1414
[2020.02.12-22.03.50:161][  0]LogD3D11RHI: Chosen D3D11 Adapter: 0
[2020.02.12-22.03.50:183][  0]LogD3D11RHI: Creating new Direct3DDevice
[2020.02.12-22.03.50:183][  0]LogD3D11RHI:     GPU DeviceId: 0x2191 (for the marketing name, search the web for "GPU Device Id")
[2020.02.12-22.03.50:183][  0]LogWindows: EnumDisplayDevices:
[2020.02.12-22.03.50:183][  0]LogWindows:    0. 'AMD Radeon(TM) RX Vega 10 Graphics' (P:1 D:1)
[2020.02.12-22.03.50:184][  0]LogWindows:    1. 'AMD Radeon(TM) RX Vega 10 Graphics' (P:0 D:0)
[2020.02.12-22.03.50:184][  0]LogWindows:    2. 'AMD Radeon(TM) RX Vega 10 Graphics' (P:0 D:0)
[2020.02.12-22.03.50:184][  0]LogWindows:    3. 'AMD Radeon(TM) RX Vega 10 Graphics' (P:0 D:0)
[2020.02.12-22.03.50:184][  0]LogWindows:    4. 'NVIDIA GeForce GTX 1660 Ti with Max-Q Design' (P:0 D:0)
[2020.02.12-22.03.50:185][  0]LogWindows:    5. 'NVIDIA GeForce GTX 1660 Ti with Max-Q Design' (P:0 D:0)
[2020.02.12-22.03.50:185][  0]LogWindows:    6. 'NVIDIA GeForce GTX 1660 Ti with Max-Q Design' (P:0 D:0)
[2020.02.12-22.03.50:185][  0]LogWindows:    7. 'NVIDIA GeForce GTX 1660 Ti with Max-Q Design' (P:0 D:0)
[2020.02.12-22.03.50:185][  0]LogWindows: DebugString: PrimaryIsNotTheChoosenAdapter PrimaryIsNotTheChoosenAdapter PrimaryIsNotTheChoosenAdapter PrimaryIsNotTheChoosenAdapter FoundDriverCount:4 
[2020.02.12-22.03.50:185][  0]LogD3D11RHI:     Adapter Name: NVIDIA GeForce GTX 1660 Ti with Max-Q Design
[2020.02.12-22.03.50:185][  0]LogD3D11RHI:   Driver Version: 442.19 (internal:26.21.14.4219, unified:442.19)
[2020.02.12-22.03.50:185][  0]LogD3D11RHI:      Driver Date: 1-29-2020
[2020.02.12-22.03.50:185][  0]LogRHI: Texture pool is 4193 MB (70% of 5991 MB)
[2020.02.12-22.03.50:256][  0]LogD3D11RHI: RHI has support for 64 bit atomics
[2020.02.12-22.03.50:256][  0]LogD3D11RHI: Async texture creation enabled
[2020.02.12-22.03.50:279][  0]LogD3D11RHI: GPU Timing Frequency: 1000.000000 (Debug: 2 1)
[2020.02.12-22.03.50:601][  0]LogTargetPlatformManager: Display: Loaded TargetPlatform 'AllDesktop'
[2020.02.12-22.03.50:637][  0]LogTargetPlatformManager: Display: Loaded TargetPlatform 'Android'
[2020.02.12-22.03.50:637][  0]LogTargetPlatformManager: Display: Loaded TargetPlatform 'Android_ASTC'
[2020.02.12-22.03.50:637][  0]LogTargetPlatformManager: Display: Loaded TargetPlatform 'Android_ATC'
[2020.02.12-22.03.50:638][  0]LogTargetPlatformManager: Display: Loaded TargetPlatform 'Android_DXT'
[2020.02.12-22.03.50:638][  0]LogTargetPlatformManager: Display: Loaded TargetPlatform 'Android_ETC1'
[2020.02.12-22.03.50:638][  0]LogTargetPlatformManager: Display: Loaded TargetPlatform 'Android_ETC1a'
[2020.02.12-22.03.50:638][  0]LogTargetPlatformManager: Display: Loaded TargetPlatform 'Android_ETC2'
[2020.02.12-22.03.50:638][  0]LogTargetPlatformManager: Display: Loaded TargetPlatform 'Android_PVRTC'
[2020.02.12-22.03.50:638][  0]LogTargetPlatformManager: Display: Loaded TargetPlatform 'AndroidClient'
[2020.02.12-22.03.50:638][  0]LogTargetPlatformManager: Display: Loaded TargetPlatform 'Android_ASTCClient'
[2020.02.12-22.03.50:638][  0]LogTargetPlatformManager: Display: Loaded TargetPlatform 'Android_ATCClient'
[2020.02.12-22.03.50:638][  0]LogTargetPlatformManager: Display: Loaded TargetPlatform 'Android_DXTClient'
[2020.02.12-22.03.50:638][  0]LogTargetPlatformManager: Display: Loaded TargetPlatform 'Android_ETC1Client'
[2020.02.12-22.03.50:638][  0]LogTargetPlatformManager: Display: Loaded TargetPlatform 'Android_ETC1aClient'
[2020.02.12-22.03.50:638][  0]LogTargetPlatformManager: Display: Loaded TargetPlatform 'Android_ETC2Client'
[2020.02.12-22.03.50:638][  0]LogTargetPlatformManager: Display: Loaded TargetPlatform 'Android_PVRTCClient'
[2020.02.12-22.03.50:638][  0]LogTargetPlatformManager: Display: Loaded TargetPlatform 'Android_Multi'
[2020.02.12-22.03.50:638][  0]LogTargetPlatformManager: Display: Loaded TargetPlatform 'Android_MultiClient'
[2020.02.12-22.03.50:663][  0]LogTargetPlatformManager: Display: Loaded TargetPlatform 'IOSClient'
[2020.02.12-22.03.50:663][  0]LogTargetPlatformManager: Display: Loaded TargetPlatform 'IOS'
[2020.02.12-22.03.50:671][  0]LogTargetPlatformManager: Display: Loaded TargetPlatform 'LinuxNoEditor'
[2020.02.12-22.03.50:679][  0]LogTargetPlatformManager: Display: Loaded TargetPlatform 'LinuxClient'
[2020.02.12-22.03.50:687][  0]LogTargetPlatformManager: Display: Loaded TargetPlatform 'LinuxServer'
[2020.02.12-22.03.50:696][  0]LogTargetPlatformManager: Display: Loaded TargetPlatform 'LinuxAArch64NoEditor'
[2020.02.12-22.03.50:704][  0]LogTargetPlatformManager: Display: Loaded TargetPlatform 'LinuxAArch64Client'
[2020.02.12-22.03.50:715][  0]LogTargetPlatformManager: Display: Loaded TargetPlatform 'LinuxAArch64Server'
[2020.02.12-22.03.50:745][  0]LogTargetPlatformManager: Display: Loaded TargetPlatform 'Lumin'
[2020.02.12-22.03.50:746][  0]LogTargetPlatformManager: Display: Loaded TargetPlatform 'LuminClient'
[2020.02.12-22.03.50:762][  0]LogTargetPlatformManager: Display: Loaded TargetPlatform 'TVOSClient'
[2020.02.12-22.03.50:762][  0]LogTargetPlatformManager: Display: Loaded TargetPlatform 'TVOS'
[2020.02.12-22.03.50:771][  0]LogTargetPlatformManager: Display: Loaded TargetPlatform 'WindowsNoEditor'
[2020.02.12-22.03.50:781][  0]LogTargetPlatformManager: Display: Loaded TargetPlatform 'Windows'
[2020.02.12-22.03.50:792][  0]LogTargetPlatformManager: Display: Loaded TargetPlatform 'WindowsClient'
[2020.02.12-22.03.50:801][  0]LogTargetPlatformManager: Display: Loaded TargetPlatform 'WindowsServer'
[2020.02.12-22.03.50:801][  0]LogTargetPlatformManager: Display: Building Assets For Windows
[2020.02.12-22.03.50:806][  0]LogAudioDebug: Display: Lib vorbis DLL was dynamically loaded.
[2020.02.12-22.03.50:844][  0]LogShaderCompilers: Guid format shader working directory is -34 characters bigger than the processId version (../../../../../../Users/jonat/Documents/GitHub/Makers_Unreality/turnBasedBattle/Intermediate/Shaders/WorkingDirectory/22540/).
[2020.02.12-22.03.50:844][  0]LogShaderCompilers: Cleaned the shader compiler working directory 'C:/Users/jonat/AppData/Local/Temp/UnrealShaderWorkingDir/F1395CD04B9881F0D046489F751DCF13/'.
[2020.02.12-22.03.50:845][  0]LogXGEController: Cleaning working directory: C:/Users/jonat/AppData/Local/Temp/UnrealXGEWorkingDir/
[2020.02.12-22.03.50:845][  0]LogXGEController: Cannot use XGE Controller as Incredibuild is not installed on this machine.
[2020.02.12-22.03.50:845][  0]LogShaderCompilers: Cannot use XGE Shader Compiler as Incredibuild is not installed on this machine.
[2020.02.12-22.03.50:845][  0]LogShaderCompilers: Display: Using Local Shader Compiler.
[2020.02.12-22.03.51:672][  0]LogDerivedDataCache: Display: Max Cache Size: 512 MB
[2020.02.12-22.03.51:732][  0]LogDerivedDataCache: Loaded boot cache 0.06s 78MB C:/Users/jonat/AppData/Local/UnrealEngine/4.24/DerivedDataCache/Boot.ddc.
[2020.02.12-22.03.51:732][  0]LogDerivedDataCache: Display: Loaded Boot cache: C:/Users/jonat/AppData/Local/UnrealEngine/4.24/DerivedDataCache/Boot.ddc
[2020.02.12-22.03.51:732][  0]LogDerivedDataCache: FDerivedDataBackendGraph:  Pak pak cache file ../../../../../../Users/jonat/Documents/GitHub/Makers_Unreality/turnBasedBattle/DerivedDataCache/DDC.ddp not found, will not use a pak cache.
[2020.02.12-22.03.51:732][  0]LogDerivedDataCache: Unable to find inner node Pak for hierarchical cache Hierarchy.
[2020.02.12-22.03.51:732][  0]LogDerivedDataCache: FDerivedDataBackendGraph:  CompressedPak pak cache file ../../../../../../Users/jonat/Documents/GitHub/Makers_Unreality/turnBasedBattle/DerivedDataCache/Compressed.ddp not found, will not use a pak cache.
[2020.02.12-22.03.51:732][  0]LogDerivedDataCache: Unable to find inner node CompressedPak for hierarchical cache Hierarchy.
[2020.02.12-22.03.51:743][  0]LogDerivedDataCache: Display: Pak cache opened for reading ../../../Engine/DerivedDataCache/Compressed.ddp.
[2020.02.12-22.03.51:744][  0]LogDerivedDataCache: FDerivedDataBackendGraph:  EnterprisePak pak cache file ../../../Enterprise/DerivedDataCache/Compressed.ddp not found, will not use a pak cache.
[2020.02.12-22.03.51:744][  0]LogDerivedDataCache: Unable to find inner node EnterprisePak for hierarchical cache Hierarchy.
[2020.02.12-22.03.51:746][  0]LogDerivedDataCache: Using Local data cache path C:/Users/jonat/AppData/Local/UnrealEngine/Common/DerivedDataCache: Writable
[2020.02.12-22.03.51:746][  0]LogDerivedDataCache: Shared data cache path not found in *engine.ini, will not use an Shared cache.
[2020.02.12-22.03.51:746][  0]LogDerivedDataCache: Unable to find inner node Shared for hierarchical cache Hierarchy.
[2020.02.12-22.03.51:772][  0]LogMaterial: Verifying Global Shaders for PCD3D_SM5
[2020.02.12-22.03.51:775][  0]LogSlate: Using FreeType 2.10.0
[2020.02.12-22.03.51:776][  0]LogSlate: SlateFontServices - WITH_FREETYPE: 1, WITH_HARFBUZZ: 1
[2020.02.12-22.03.51:834][  0]LogAssetRegistry: FAssetRegistry took 0.0029 seconds to start up
[2020.02.12-22.03.52:184][  0]LogInit: Selected Device Profile: [Windows]
[2020.02.12-22.03.52:365][  0]LogPackageName: Warning: Asset path "SM_Snow_Snow" is in short form, which is unsupported and -- even if valid -- resolving it will be really slow.
[2020.02.12-22.03.52:365][  0]LogPackageName: Warning: Please consider resaving package in order to speed-up loading.
[2020.02.12-22.03.52:365][  0]LogMeshReduction: Using QuadricMeshReduction for automatic static mesh reduction
[2020.02.12-22.03.52:365][  0]LogMeshReduction: Using SimplygonMeshReduction for automatic skeletal mesh reduction
[2020.02.12-22.03.52:365][  0]LogMeshReduction: Using ProxyLODMeshReduction for automatic mesh merging
[2020.02.12-22.03.52:365][  0]LogMeshReduction: No distributed automatic mesh merging module available
[2020.02.12-22.03.52:365][  0]LogMeshMerging: No distributed automatic mesh merging module available
[2020.02.12-22.03.52:381][  0]LogNetVersion: turnBasedBattle 1.0.0, NetCL: 10570792, EngineNetVer: 13, GameNetVer: 0 (Checksum: 2249775177)
[2020.02.12-22.03.53:559][  0]LogPackageName: SearchForPackageOnDisk took   0.286s to resolve SM_Snow_Snow.
[2020.02.12-22.03.53:559][  0]LogPackageLocalizationCache: Processed 10 localized package path(s) for 1 prioritized culture(s) in 0.067407 seconds
[2020.02.12-22.03.53:570][  0]LogUObjectArray: 46750 objects as part of root set at end of initial load.
[2020.02.12-22.03.53:570][  0]LogUObjectAllocator: 8137160 out of 0 bytes used by permanent object pool.
[2020.02.12-22.03.53:570][  0]LogUObjectArray: CloseDisregardForGC: 0/0 objects in disregard for GC pool
[2020.02.12-22.03.54:044][  0]LogTcpMessaging: Initializing TcpMessaging bridge
[2020.02.12-22.03.54:049][  0]LogUdpMessaging: Initializing bridge on interface 0.0.0.0:0 to multicast group 230.0.0.1:6666.
[2020.02.12-22.03.54:114][  0]SourceControl: Source control is disabled
[2020.02.12-22.03.54:114][  0]SourceControl: Source control is disabled
[2020.02.12-22.03.54:116][  0]SourceControl: Source control is disabled
[2020.02.12-22.03.54:117][  0]SourceControl: Source control is disabled
[2020.02.12-22.03.54:118][  0]SourceControl: Source control is disabled
[2020.02.12-22.03.54:237][  0]LogAndroidPermission: UAndroidPermissionCallbackProxy::GetInstance
[2020.02.12-22.03.54:252][  0]LogAudioCaptureCore: Display: No Audio Capture implementations found. Audio input will be silent.
[2020.02.12-22.03.54:252][  0]LogAudioCaptureCore: Display: No Audio Capture implementations found. Audio input will be silent.
[2020.02.12-22.03.54:355][  0]LogOcInput: OculusInput pre-init called
[2020.02.12-22.03.54:366][  0]LogWindows: Failed to load 'OVRPlugin.dll' (GetLastError=126)
[2020.02.12-22.03.54:366][  0]LogWindows: File 'OVRPlugin.dll' does not exist
[2020.02.12-22.03.54:449][  0]LogEngine: Initializing Engine...
[2020.02.12-22.03.54:451][  0]LogHMD: Failed to initialize OpenVR with code 110
[2020.02.12-22.03.54:452][  0]LogStats: UGameplayTagsManager::InitializeManager -  0.000 s
[2020.02.12-22.03.54:835][  0]LogPackageName: Warning: Asset path "Env_Ice_Foliage.Mesh.SM_Snowy_Pine_Tree" is in short form, which is unsupported and -- even if valid -- resolving it will be really slow.
[2020.02.12-22.03.54:835][  0]LogPackageName: Warning: Please consider resaving package in order to speed-up loading.
[2020.02.12-22.03.54:835][  0]LogPackageName: SearchForPackageOnDisk took   0.279s, but failed to resolve Env_Ice_Foliage.
[2020.02.12-22.03.54:835][  0]LogPackageName: Warning: Asset path "Env_Ice_Foliage.Mesh.SM_Snowy_Pine_Tree" could not be resolved.
[2020.02.12-22.03.54:835][  0]LogInit: Initializing FReadOnlyCVARCache
[2020.02.12-22.03.54:845][  0]LogAIModule: Creating AISystem for world Untitled
[2020.02.12-22.03.54:858][  0]LogAudioMixer: Display: Audio Mixer Platform Settings:
[2020.02.12-22.03.54:859][  0]LogAudioMixer: Display: 	Sample Rate:						  48000
[2020.02.12-22.03.54:859][  0]LogAudioMixer: Display: 	Callback Buffer Frame Size Requested: 1024
[2020.02.12-22.03.54:859][  0]LogAudioMixer: Display: 	Callback Buffer Frame Size To Use:	  1024
[2020.02.12-22.03.54:859][  0]LogAudioMixer: Display: 	Number of buffers to queue:			  2
[2020.02.12-22.03.54:859][  0]LogAudioMixer: Display: 	Max Channels (voices):				  32
[2020.02.12-22.03.54:859][  0]LogAudioMixer: Display: 	Number of Async Source Workers:		  0
[2020.02.12-22.03.54:859][  0]LogAudio: Display: AudioDevice MaxSources: 32
[2020.02.12-22.03.54:859][  0]LogAudio: Display: Using built-in audio occlusion.
[2020.02.12-22.03.54:859][  0]LogAudioMixer: Display: Initializing audio mixer.
[2020.02.12-22.03.55:226][  0]LogAudioMixer: Display: Audio Device Output Speaker Info:
[2020.02.12-22.03.55:226][  0]LogAudioMixer: Display: Name: Speakers (Realtek(R) Audio)
[2020.02.12-22.03.55:226][  0]LogAudioMixer: Display: Is Default: Yes
[2020.02.12-22.03.55:226][  0]LogAudioMixer: Display: Sample Rate: 48000
[2020.02.12-22.03.55:226][  0]LogAudioMixer: Display: Channel Count Used: 8
[2020.02.12-22.03.55:226][  0]LogAudioMixer: Display: Device Channel Count: 8
[2020.02.12-22.03.55:226][  0]LogAudioMixer: Display: Channel Order:
[2020.02.12-22.03.55:226][  0]LogAudioMixer: Display: 0: FrontLeft
[2020.02.12-22.03.55:226][  0]LogAudioMixer: Display: 1: FrontRight
[2020.02.12-22.03.55:226][  0]LogAudioMixer: Display: 2: FrontCenter
[2020.02.12-22.03.55:226][  0]LogAudioMixer: Display: 3: LowFrequency
[2020.02.12-22.03.55:226][  0]LogAudioMixer: Display: 4: BackLeft
[2020.02.12-22.03.55:226][  0]LogAudioMixer: Display: 5: BackRight
[2020.02.12-22.03.55:226][  0]LogAudioMixer: Display: 6: SideLeft
[2020.02.12-22.03.55:226][  0]LogAudioMixer: Display: 7: SideRight
[2020.02.12-22.03.55:484][  0]LogAudioMixer: Display: Using Audio Device Speakers (Realtek(R) Audio)
[2020.02.12-22.03.55:491][  0]LogInit: FAudioDevice initialized.
[2020.02.12-22.03.55:491][  0]LogNetVersion: Set ProjectVersion to 1.0.0.0. Version Checksum will be recalculated on next use.
[2020.02.12-22.03.55:572][  0]LogDerivedDataCache: Saved boot cache 0.08s 78MB C:/Users/jonat/AppData/Local/UnrealEngine/4.24/DerivedDataCache/Boot.ddc.
[2020.02.12-22.03.55:579][  0]LogInit: Texture streaming: Enabled
[2020.02.12-22.03.55:595][  0]LogPackageName: Warning: Asset path "JW_Ice_Mountain.Mesh.SM_SnowBoulder" is in short form, which is unsupported and -- even if valid -- resolving it will be really slow.
[2020.02.12-22.03.55:595][  0]LogPackageName: Warning: Please consider resaving package in order to speed-up loading.
[2020.02.12-22.03.55:595][  0]LogEngineSessionManager: EngineSessionManager initialized
[2020.02.12-22.03.55:595][  0]LogEditorSessionSummary: Verbose: Initializing EditorSessionSummaryWriter for editor session tracking
[2020.02.12-22.03.55:601][  0]LogEditorSessionSummary: EditorSessionSummaryWriter initialized
[2020.02.12-22.03.55:681][  0]LogInit: Transaction tracking system initialized
[2020.02.12-22.03.55:697][  0]BlueprintLog: New page: Editor Load
[2020.02.12-22.03.55:747][  0]LocalizationService: Localization service is disabled
[2020.02.12-22.03.56:115][  0]LogPackageName: SearchForPackageOnDisk took   0.310s, but failed to resolve JW_Ice_Mountain.
[2020.02.12-22.03.56:115][  0]LogPackageName: Warning: Asset path "JW_Ice_Mountain.Mesh.SM_SnowBoulder" could not be resolved.
[2020.02.12-22.03.56:115][  0]LogPackageName: Warning: Asset path "Exo_Deco01.SM.Mesh.WoodenBarrel_Intact" is in short form, which is unsupported and -- even if valid -- resolving it will be really slow.
[2020.02.12-22.03.56:115][  0]LogPackageName: Warning: Please consider resaving package in order to speed-up loading.
[2020.02.12-22.03.56:115][  0]LogCook: Display: Max memory allowance for cook 16384mb min free memory 0mb
[2020.02.12-22.03.56:115][  0]LogCook: Display: Mobile HDR setting 1
[2020.02.12-22.03.56:233][  0]LogFileCache: Scanning file cache for directory 'C:/Users/jonat/Documents/GitHub/Makers_Unreality/turnBasedBattle/Content/' took 0.07s
[2020.02.12-22.03.56:846][  0]LogPackageName: SearchForPackageOnDisk took   0.309s, but failed to resolve Exo_Deco01.
[2020.02.12-22.03.56:847][  0]LogPackageName: Warning: Asset path "Exo_Deco01.SM.Mesh.WoodenBarrel_Intact" could not be resolved.
[2020.02.12-22.03.56:847][  0]LogPackageName: Warning: Asset path "Env_Ice_Rocky.Mesh.Env_Ice_RuinedSteps001" is in short form, which is unsupported and -- even if valid -- resolving it will be really slow.
[2020.02.12-22.03.56:847][  0]LogPackageName: Warning: Please consider resaving package in order to speed-up loading.
[2020.02.12-22.03.56:901][  0]SourceControl: Source control is disabled
[2020.02.12-22.03.56:901][  0]Cmd: MAP LOAD FILE="../../../../../../Users/jonat/Documents/GitHub/Makers_Unreality/turnBasedBattle/Content/Maps/FightMap.umap" TEMPLATE=0 SHOWPROGRESS=1 FEATURELEVEL=3
[2020.02.12-22.03.56:902][  0]LightingResults: New page: Lighting Build
[2020.02.12-22.03.56:903][  0]LogWorld: UWorld::CleanupWorld for Untitled, bSessionEnded=true, bCleanupResources=true
[2020.02.12-22.03.56:903][  0]LogSlate: InvalidateAllWidgets triggered.  All widgets were invalidated
[2020.02.12-22.03.56:903][  0]MapCheck: New page: Map Check
[2020.02.12-22.03.56:903][  0]LightingResults: New page: Lighting Build
[2020.02.12-22.03.56:927][  0]LogUObjectHash: Compacting FUObjectHashTables data took   2.20ms
[2020.02.12-22.03.57:356][  0]LogPackageName: SearchForPackageOnDisk took   0.332s, but failed to resolve Env_Ice_Rocky.
[2020.02.12-22.03.57:356][  0]LogPackageName: Warning: Asset path "Env_Ice_Rocky.Mesh.Env_Ice_RuinedSteps001" could not be resolved.
[2020.02.12-22.03.57:356][  0]LogPackageName: Warning: Asset path "Env_Ice_Rocky.Mesh.Env_Ice_Grinder001" is in short form, which is unsupported and -- even if valid -- resolving it will be really slow.
[2020.02.12-22.03.57:356][  0]LogPackageName: Warning: Please consider resaving package in order to speed-up loading.
[2020.02.12-22.03.57:356][  0]LogPackageName: SearchForPackageOnDisk took   0.281s, but failed to resolve Env_Ice_Rocky.
[2020.02.12-22.03.57:356][  0]LogPackageName: Warning: Asset path "Env_Ice_Rocky.Mesh.Env_Ice_Grinder001" could not be resolved.
[2020.02.12-22.03.57:356][  0]LogPackageName: Warning: Asset path "Env_Ice_Rocky.Mesh.Env_Ice_MelancholicTroll01" is in short form, which is unsupported and -- even if valid -- resolving it will be really slow.
[2020.02.12-22.03.57:356][  0]LogPackageName: Warning: Please consider resaving package in order to speed-up loading.
[2020.02.12-22.03.57:356][  0]LogBlueprint: Warning: [Compiler MainCharactor] InputAction Event references unknown Action 'W' for  InputAction W
[2020.02.12-22.03.57:356][  0]LogBlueprint: Warning: [Compiler MainCharactor] InputAction Event references unknown Action 'E' for  InputAction E
[2020.02.12-22.03.57:357][  0]LogBlueprint: Warning: [Compiler MainCharactor] InputAction Event references unknown Action 'Q' for  InputAction Q
[2020.02.12-22.03.57:857][  0]LogPackageName: SearchForPackageOnDisk took   0.281s, but failed to resolve Env_Ice_Rocky.
[2020.02.12-22.03.57:857][  0]LogPackageName: Warning: Asset path "Env_Ice_Rocky.Mesh.Env_Ice_MelancholicTroll01" could not be resolved.
[2020.02.12-22.03.57:857][  0]LogPackageName: Warning: Asset path "Env_Ice_Rocky.Mesh.Env_Ice_NordHeed01" is in short form, which is unsupported and -- even if valid -- resolving it will be really slow.
[2020.02.12-22.03.57:857][  0]LogPackageName: Warning: Please consider resaving package in order to speed-up loading.
[2020.02.12-22.03.57:857][  0]LogMaterial: Display: Missing cached shader map for material M_Ice_Shards, compiling. 
[2020.02.12-22.03.57:858][  0]LogMaterial: Warning: C:\Users\jonat\Documents\GitHub\Makers_Unreality\turnBasedBattle\Content\ValleyBattle\skill_assets\M_Ice_Shards.uasset: Failed to compile Material for platform PCD3D_SM5, Default Material will be used in game.
[2020.02.12-22.03.57:858][  0]LogMaterial: Display: 	(Node TextureSample) Texture Sample> Missing input texture
[2020.02.12-22.03.57:955][  0]LogPackageName: SearchForPackageOnDisk took   0.273s, but failed to resolve Env_Ice_Rocky.
[2020.02.12-22.03.57:956][  0]LogPackageName: Warning: Asset path "Env_Ice_Rocky.Mesh.Env_Ice_NordHeed01" could not be resolved.
[2020.02.12-22.03.57:956][  0]LogPackageName: Warning: Asset path "Env_Ice_Rocky.Mesh.Env_Ice_NordHeed01" is in short form, which is unsupported and -- even if valid -- resolving it will be really slow.
[2020.02.12-22.03.57:956][  0]LogPackageName: Warning: Please consider resaving package in order to speed-up loading.
[2020.02.12-22.03.58:183][  0]LogAIModule: Creating AISystem for world FightMap
[2020.02.12-22.03.58:191][  0]LogMaterial: Display: Material /Game/Other/StarterContent/Materials/M_Tech_Hex_Tile_Pulse.M_Tech_Hex_Tile_Pulse needed to have new flag set bUsedWithSkeletalMesh !
[2020.02.12-22.03.58:196][  0]LogMaterial: Display: Missing cached shader map for material M_Tech_Hex_Tile_Pulse, compiling. 
[2020.02.12-22.03.58:283][  0]LogPackageName: SearchForPackageOnDisk took   0.283s, but failed to resolve Env_Ice_Rocky.
[2020.02.12-22.03.58:283][  0]LogPackageName: Warning: Asset path "Env_Ice_Rocky.Mesh.Env_Ice_NordHeed01" could not be resolved.
[2020.02.12-22.03.58:283][  0]LogPackageName: Warning: Asset path "Env_Ice_Rocky.Texture.Env_Ice_RockyStairs01" is in short form, which is unsupported and -- even if valid -- resolving it will be really slow.
[2020.02.12-22.03.58:283][  0]LogPackageName: Warning: Please consider resaving package in order to speed-up loading.
[2020.02.12-22.03.58:283][  0]MapCheck: Warning: M_Tech_Hex_Tile_Pulse Material /Game/Other/StarterContent/Materials/M_Tech_Hex_Tile_Pulse.M_Tech_Hex_Tile_Pulse was missing the usage flag bUsedWithSkeletalMesh. If the material asset is not re-saved, it may not render correctly when run outside the editor. Fix
[2020.02.12-22.03.58:285][  0]LogScript: Warning: Accessed None trying to read property Zenith color curve
	BP_Sky_Sphere_C /Game/Maps/FightMap.FightMap:PersistentLevel.BP_Sky_Sphere_C_2
	Function /Engine/EngineSky/BP_Sky_Sphere.BP_Sky_Sphere_C:RefreshMaterial:02CD
[2020.02.12-22.03.58:289][  0]LogEditorServer: Finished looking for orphan Actors (0.000 secs)
[2020.02.12-22.03.58:316][  0]LogShaderCompilers: Display: Worker (1/5): shaders left to compile 48
[2020.02.12-22.03.58:316][  0]LogShaderCompilers: Display: Worker (2/5): shaders left to compile 38
[2020.02.12-22.03.58:316][  0]LogShaderCompilers: Display: Worker (3/5): shaders left to compile 28
[2020.02.12-22.03.58:316][  0]LogShaderCompilers: Display: Worker (4/5): shaders left to compile 18
[2020.02.12-22.03.58:316][  0]LogShaderCompilers: Display: Worker (5/5): shaders left to compile 8
[2020.02.12-22.03.58:321][  0]LogUObjectHash: Compacting FUObjectHashTables data took   3.08ms
[2020.02.12-22.03.58:322][  0]Cmd: MAP CHECKDEP NOCLEARLOG
[2020.02.12-22.03.58:322][  0]MapCheck: Map check complete: 0 Error(s), 1 Warning(s), took 0.171ms to complete.
[2020.02.12-22.03.58:355][  0]LogFileHelpers: Loading map 'FightMap' took 1.454
[2020.02.12-22.03.58:513][  0]LogSlate: Updating window title bar state: overlay mode, drag disabled, window buttons hidden, title bar hidden
[2020.02.12-22.03.58:525][  0]LogSlate: Updating window title bar state: overlay mode, drag disabled, window buttons hidden, title bar hidden
[2020.02.12-22.03.58:537][  0]LogSlate: Updating window title bar state: overlay mode, drag disabled, window buttons hidden, title bar hidden
[2020.02.12-22.03.58:550][  0]LogSlate: Updating window title bar state: overlay mode, drag disabled, window buttons hidden, title bar hidden
[2020.02.12-22.03.58:560][  0]LogPackageName: SearchForPackageOnDisk took   0.344s, but failed to resolve Env_Ice_Rocky.
[2020.02.12-22.03.58:560][  0]LogPackageName: Warning: Asset path "Env_Ice_Rocky.Texture.Env_Ice_RockyStairs01" could not be resolved.
[2020.02.12-22.03.58:560][  0]LogCollectionManager: Loaded 0 collections in 0.003000 seconds
[2020.02.12-22.03.58:583][  0]LogFileCache: Scanning file cache for directory 'C:/Users/jonat/Documents/GitHub/Makers_Unreality/turnBasedBattle/Saved/Collections/' took 0.00s
[2020.02.12-22.03.58:583][  0]LogPackageName: Warning: Asset path "Env_Ice_Rocky.Mesh.Env_Ice_RockTerrain01" is in short form, which is unsupported and -- even if valid -- resolving it will be really slow.
[2020.02.12-22.03.58:583][  0]LogPackageName: Warning: Please consider resaving package in order to speed-up loading.
[2020.02.12-22.03.58:583][  0]LogFileCache: Scanning file cache for directory 'C:/Users/jonat/Documents/GitHub/Makers_Unreality/turnBasedBattle/Content/Developers/jonat/Collections/' took 0.00s
[2020.02.12-22.03.58:583][  0]LogFileCache: Scanning file cache for directory 'C:/Users/jonat/Documents/GitHub/Makers_Unreality/turnBasedBattle/Content/Collections/' took 0.00s
[2020.02.12-22.03.58:583][  0]LogContentBrowser: Native class hierarchy populated in 0.0143 seconds. Added 3017 classes and 720 folders.
[2020.02.12-22.03.58:588][  0]LogContentBrowser: Native class hierarchy updated for 'WidgetCarousel' in 0.0004 seconds. Added 0 classes and 0 folders.
[2020.02.12-22.03.58:705][  0]LogContentBrowser: Native class hierarchy updated for 'AddContentDialog' in 0.0005 seconds. Added 0 classes and 0 folders.
[2020.02.12-22.03.58:769][  0]LogSlate: Took 0.000190 seconds to synchronously load lazily loaded font '../../../Engine/Content/Slate/Fonts/Roboto-Regular.ttf' (155K)
[2020.02.12-22.03.58:778][  0]LogSlate: Took 0.000409 seconds to synchronously load lazily loaded font '../../../Engine/Content/Slate/Fonts/Roboto-Bold.ttf' (160K)
[2020.02.12-22.03.58:783][  0]LogSlate: Took 0.000379 seconds to synchronously load lazily loaded font '../../../Engine/Content/Editor/Slate/Fonts/FontAwesome.ttf' (139K)
[2020.02.12-22.03.58:916][  0]LogRenderer: Reallocating scene render targets to support 1032x432 Format 10 NumSamples 1 (Frame:1).
[2020.02.12-22.03.59:318][  0]LogPackageName: SearchForPackageOnDisk took   0.612s, but failed to resolve Env_Ice_Rocky.
[2020.02.12-22.03.59:319][  0]LogPackageName: Warning: Asset path "Env_Ice_Rocky.Mesh.Env_Ice_RockTerrain01" could not be resolved.
[2020.02.12-22.03.59:319][  0]LogPackageName: Warning: Asset path "Env_Ice_RuinedWalls001" is in short form, which is unsupported and -- even if valid -- resolving it will be really slow.
[2020.02.12-22.03.59:319][  0]LogPackageName: Warning: Please consider resaving package in order to speed-up loading.
[2020.02.12-22.03.59:328][  0]LogContentBrowser: Native class hierarchy updated for 'HierarchicalLODOutliner' in 0.0007 seconds. Added 0 classes and 0 folders.
[2020.02.12-22.03.59:328][  0]LogLoad: (Engine Initialization) Total time: 11.76 seconds
[2020.02.12-22.03.59:328][  0]LogLoad: (Engine Initialization) Total Blueprint compile time: 0.00 seconds
[2020.02.12-22.04.00:596][  0]LogPackageName: SearchForPackageOnDisk took   0.574s, but failed to resolve Env_Ice_RuinedWalls001.
[2020.02.12-22.04.00:596][  0]LogPackageName: Warning: Asset path "Env_Ice_RuinedWalls001" could not be resolved.
[2020.02.12-22.04.00:596][  0]LogContentStreaming: Texture pool size now 1000 MB
[2020.02.12-22.04.00:631][  0]LogSlate: Took 0.000303 seconds to synchronously load lazily loaded font '../../../Engine/Content/Slate/Fonts/Roboto-Light.ttf' (167K)
[2020.02.12-22.04.04:174][190]LogPackageName: Warning: Asset path "m_FogSheet_02" is in short form, which is unsupported and -- even if valid -- resolving it will be really slow.
[2020.02.12-22.04.04:174][190]LogPackageName: Warning: Please consider resaving package in order to speed-up loading.
[2020.02.12-22.04.04:624][217]LogPackageName: SearchForPackageOnDisk took   0.453s to resolve m_FogSheet_02.
[2020.02.12-22.04.06:623][333]LogAssetRegistry: Asset discovery search completed in 14.7891 seconds
[2020.02.12-22.04.06:627][333]LogCollectionManager: Fixed up redirectors for 0 collections in 0.000014 seconds (updated 0 objects)
[2020.02.12-22.04.10:311][344]LogSlate: Took 0.000267 seconds to synchronously load lazily loaded font '../../../Engine/Content/Slate/Fonts/Roboto-Light.ttf' (167K)
[2020.02.12-22.04.10:606][344]LogLinker: Warning: While loading '../../../../../../Users/jonat/Documents/GitHub/Makers_Unreality/turnBasedBattle/Content/ValleyBattle/Map/Landscape/Meshes/SM_Landscape_Cliff_01.uasset' failed to load '/Game/KiteDemo/Environments/GroundTiles/LeafyPath/MI_Tile_LeafPathStones': Can't find file.
[2020.02.12-22.04.10:607][344]LogLinker: Warning: While loading '../../../../../../Users/jonat/Documents/GitHub/Makers_Unreality/turnBasedBattle/Content/ValleyBattle/Map/Landscape/Meshes/SM_Landscape_Cliff_01.uasset' failed to load '/Game/KiteDemo/Environments/GroundTiles/LeafyPath/MI_Tile_LeafPathStones': Can't find file.
[2020.02.12-22.04.10:607][344]LogLinker: Warning: While loading '../../../../../../Users/jonat/Documents/GitHub/Makers_Unreality/turnBasedBattle/Content/ValleyBattle/Map/Landscape/Meshes/SM_Landscape_Cliff_01.uasset' failed to load '/Game/KiteDemo/Environments/GroundTiles/LeafyPath/MI_Tile_LeafPathStones': Can't find file.
[2020.02.12-22.04.10:607][344]LogLinker: Warning: While loading '../../../../../../Users/jonat/Documents/GitHub/Makers_Unreality/turnBasedBattle/Content/ValleyBattle/Map/Landscape/Meshes/SM_Landscape_Cliff_01.uasset' failed to load '/Game/KiteDemo/Environments/GroundTiles/LeafyPath/MI_Tile_LeafPathStones': Can't find file.
[2020.02.12-22.04.10:652][344]LogLinker: Warning: While loading '../../../../../../Users/jonat/Documents/GitHub/Makers_Unreality/turnBasedBattle/Content/ValleyBattle/Map/Landscape/Meshes/SM_Landscape_Cliff_01.uasset' failed to load '/Game/KiteDemo/Environments/GroundTiles/LeafyPath/MI_Tile_LeafPathStones': Can't find file.
[2020.02.12-22.04.10:652][344]LoadErrors: Failed to load /Game/KiteDemo/Environments/GroundTiles/LeafyPath/MI_Tile_LeafPathStones.MI_Tile_LeafPathStones Referenced by SM_Landscape_Cliff_01
[2020.02.12-22.04.10:652][344]LogLinker: Warning: While loading '../../../../../../Users/jonat/Documents/GitHub/Makers_Unreality/turnBasedBattle/Content/ValleyBattle/Map/Landscape/Meshes/SM_Landscape_Cliff_01.uasset' failed to load '/Game/KiteDemo/Environments/GroundTiles/LeafyPath/MI_Tile_LeafPathStones': Can't find file.
[2020.02.12-22.04.10:652][344]LogLinker: Warning: While loading '../../../../../../Users/jonat/Documents/GitHub/Makers_Unreality/turnBasedBattle/Content/ValleyBattle/Map/Landscape/Meshes/SM_Landscape_Cliff_01.uasset' failed to load '/Game/KiteDemo/Environments/GroundTiles/LeafyPath/MI_Tile_LeafPathStones': Can't find file.
[2020.02.12-22.04.10:653][344]LogLinker: Warning: While loading '../../../../../../Users/jonat/Documents/GitHub/Makers_Unreality/turnBasedBattle/Content/ValleyBattle/Map/Landscape/Meshes/SM_Landscape_Cliff_01.uasset' failed to load '/Game/KiteDemo/Environments/GroundTiles/LeafyPath/MI_Tile_LeafPathStones': Can't find file.
[2020.02.12-22.04.12:683][344]LogAIModule: Creating AISystem for world JohnsValley
[2020.02.12-22.04.12:695][344]LogAssetEditorSubsystem: Opening Asset editor for World /Game/ValleyBattle/Map/JohnsValley.JohnsValley
[2020.02.12-22.04.12:721][344]LogUObjectHash: Compacting FUObjectHashTables data took   1.85ms
[2020.02.12-22.04.12:724][344]Cmd: MAP LOAD FILE="../../../../../../Users/jonat/Documents/GitHub/Makers_Unreality/turnBasedBattle/Content/ValleyBattle/Map/JohnsValley.umap" TEMPLATE=0 SHOWPROGRESS=1 FEATURELEVEL=3
[2020.02.12-22.04.12:724][344]LightingResults: New page: Lighting Build
[2020.02.12-22.04.12:725][344]LoadErrors: New page: Loading map: JohnsValley.umap
[2020.02.12-22.04.12:726][344]LogWorld: UWorld::CleanupWorld for FightMap, bSessionEnded=true, bCleanupResources=true
[2020.02.12-22.04.12:726][344]LogSlate: InvalidateAllWidgets triggered.  All widgets were invalidated
[2020.02.12-22.04.12:726][344]MapCheck: New page: Map Check
[2020.02.12-22.04.12:726][344]LightingResults: New page: Lighting Build
[2020.02.12-22.04.12:751][344]LogUObjectHash: Compacting FUObjectHashTables data took   2.10ms
[2020.02.12-22.04.12:793][344]LogEditorServer: Finished looking for orphan Actors (0.000 secs)
[2020.02.12-22.04.12:821][344]LogUObjectHash: Compacting FUObjectHashTables data took   1.76ms
[2020.02.12-22.04.12:846][344]Cmd: MAP CHECKDEP NOCLEARLOG
[2020.02.12-22.04.12:846][344]MapCheck: Map check complete: 0 Error(s), 0 Warning(s), took 0.195ms to complete.
[2020.02.12-22.04.12:846][344]LogFileHelpers: Loading map 'JohnsValley' took 0.123
[2020.02.12-22.04.37:332][136]LogEditorViewport: Clicking on Actor (LMB): Landscape (Landscape1)
[2020.02.12-22.04.42:154][395]LogRenderer: Reallocating scene render targets to support 1032x436 Format 10 NumSamples 1 (Frame:1057).
[2020.02.12-22.04.42:188][396]LogRenderer: Reallocating scene render targets to support 1032x440 Format 10 NumSamples 1 (Frame:1059).
[2020.02.12-22.04.42:226][397]LogRenderer: Reallocating scene render targets to support 1032x456 Format 10 NumSamples 1 (Frame:1061).
[2020.02.12-22.04.42:265][398]LogRenderer: Reallocating scene render targets to support 1032x476 Format 10 NumSamples 1 (Frame:1063).
[2020.02.12-22.04.42:302][399]LogRenderer: Reallocating scene render targets to support 1032x504 Format 10 NumSamples 1 (Frame:1065).
[2020.02.12-22.04.42:339][400]LogRenderer: Reallocating scene render targets to support 1032x536 Format 10 NumSamples 1 (Frame:1067).
[2020.02.12-22.04.42:382][401]LogRenderer: Reallocating scene render targets to support 1032x568 Format 10 NumSamples 1 (Frame:1069).
[2020.02.12-22.04.42:421][402]LogRenderer: Reallocating scene render targets to support 1032x592 Format 10 NumSamples 1 (Frame:1071).
[2020.02.12-22.04.42:463][403]LogRenderer: Reallocating scene render targets to support 1032x608 Format 10 NumSamples 1 (Frame:1073).
[2020.02.12-22.04.42:500][404]LogRenderer: Reallocating scene render targets to support 1032x624 Format 10 NumSamples 1 (Frame:1075).
[2020.02.12-22.04.42:544][405]LogRenderer: Reallocating scene render targets to support 1032x632 Format 10 NumSamples 1 (Frame:1077).
[2020.02.12-22.04.42:578][406]LogRenderer: Reallocating scene render targets to support 1032x640 Format 10 NumSamples 1 (Frame:1079).
[2020.02.12-22.04.42:618][407]LogRenderer: Reallocating scene render targets to support 1032x644 Format 10 NumSamples 1 (Frame:1081).
[2020.02.12-22.04.45:727][581]LogRenderer: Reallocating scene render targets to support 1040x644 Format 10 NumSamples 1 (Frame:1247).
[2020.02.12-22.04.45:765][582]LogRenderer: Reallocating scene render targets to support 1048x644 Format 10 NumSamples 1 (Frame:1249).
[2020.02.12-22.04.45:805][583]LogRenderer: Reallocating scene render targets to support 1068x644 Format 10 NumSamples 1 (Frame:1251).
[2020.02.12-22.04.45:850][584]LogRenderer: Reallocating scene render targets to support 1084x644 Format 10 NumSamples 1 (Frame:1253).
[2020.02.12-22.04.45:892][585]LogRenderer: Reallocating scene render targets to support 1096x644 Format 10 NumSamples 1 (Frame:1255).
[2020.02.12-22.04.45:935][586]LogRenderer: Reallocating scene render targets to support 1104x644 Format 10 NumSamples 1 (Frame:1257).
[2020.02.12-22.04.45:978][587]LogRenderer: Reallocating scene render targets to support 1112x644 Format 10 NumSamples 1 (Frame:1259).
[2020.02.12-22.04.46:020][588]LogRenderer: Reallocating scene render targets to support 1120x644 Format 10 NumSamples 1 (Frame:1261).
[2020.02.12-22.04.48:517][736]LogRenderer: Reallocating scene render targets to support 1128x644 Format 10 NumSamples 1 (Frame:1377).
[2020.02.12-22.04.48:556][737]LogRenderer: Reallocating scene render targets to support 1140x644 Format 10 NumSamples 1 (Frame:1379).
[2020.02.12-22.04.48:599][738]LogRenderer: Reallocating scene render targets to support 1172x644 Format 10 NumSamples 1 (Frame:1381).
[2020.02.12-22.04.48:647][739]LogRenderer: Reallocating scene render targets to support 1208x644 Format 10 NumSamples 1 (Frame:1383).
[2020.02.12-22.04.48:688][740]LogRenderer: Reallocating scene render targets to support 1232x644 Format 10 NumSamples 1 (Frame:1385).
[2020.02.12-22.04.48:735][741]LogRenderer: Reallocating scene render targets to support 1248x644 Format 10 NumSamples 1 (Frame:1387).
[2020.02.12-22.04.48:775][742]LogRenderer: Reallocating scene render targets to support 1260x644 Format 10 NumSamples 1 (Frame:1389).
[2020.02.12-22.04.48:819][743]LogRenderer: Reallocating scene render targets to support 1276x644 Format 10 NumSamples 1 (Frame:1391).
[2020.02.12-22.04.48:857][744]LogRenderer: Reallocating scene render targets to support 1296x644 Format 10 NumSamples 1 (Frame:1393).
[2020.02.12-22.04.53:634][ 13]LogD3D11RHI: Warning: Temp texture streaming buffer not large enough, needed 16777216 bytes
[2020.02.12-22.04.54:446][ 49]LogD3D11RHI: Warning: Temp texture streaming buffer not large enough, needed 16777216 bytes
[2020.02.12-22.04.56:013][134]LogD3D11RHI: Warning: Temp texture streaming buffer not large enough, needed 16777216 bytes
[2020.02.12-22.04.57:706][232]LogD3D11RHI: Warning: Temp texture streaming buffer not large enough, needed 16777216 bytes
[2020.02.12-22.04.58:680][275]LogD3D11RHI: Warning: Temp texture streaming buffer not large enough, needed 16777216 bytes
[2020.02.12-22.04.59:080][294]LogD3D11RHI: Warning: Temp texture streaming buffer not large enough, needed 8388608 bytes
[2020.02.12-22.04.59:419][301]LogD3D11RHI: Warning: Temp texture streaming buffer not large enough, needed 16777216 bytes
[2020.02.12-22.05.15:453][116]LogActorFactory: Actor Factory created SM_Cave_Rock_Ceiling
[2020.02.12-22.05.16:696][189]LogActorFactory: Actor Factory created SM_Cave_Rock_Ceiling
[2020.02.12-22.05.19:345][309]LogAssetEditorSubsystem: Opening Asset editor for StaticMesh /Game/ValleyBattle/Map/SoulCave/Environment/Meshes/Rocks/SM_Cave_Rock_Ceiling.SM_Cave_Rock_Ceiling
[2020.02.12-22.05.19:952][309]LogRenderer: Reallocating scene render targets to support 1296x704 Format 10 NumSamples 1 (Frame:1).
[2020.02.12-22.05.19:952][309]LogSlate: Took 0.000296 seconds to synchronously load lazily loaded font '../../../Engine/Content/Slate/Fonts/Roboto-Italic.ttf' (157K)
[2020.02.12-22.05.27:135][659]LogSlate: Window 'SM_Cave_Rock_Ceiling' being destroyed
[2020.02.12-22.05.27:160][659]LogWorld: UWorld::CleanupWorld for World_2, bSessionEnded=true, bCleanupResources=true
[2020.02.12-22.05.27:161][659]LogSlate: InvalidateAllWidgets triggered.  All widgets were invalidated
[2020.02.12-22.05.29:510][749]LogAssetEditorSubsystem: Opening Asset editor for StaticMesh /Game/ValleyBattle/Map/SoulCave/Environment/Meshes/Rocks/SM_Cave_Rock_Flat01.SM_Cave_Rock_Flat01
[2020.02.12-22.05.31:647][834]LogSlate: Window 'SM_Cave_Rock_Flat01' being destroyed
[2020.02.12-22.05.31:668][834]LogWorld: UWorld::CleanupWorld for World_3, bSessionEnded=true, bCleanupResources=true
[2020.02.12-22.05.31:668][834]LogSlate: InvalidateAllWidgets triggered.  All widgets were invalidated
[2020.02.12-22.05.32:530][873]LogActorFactory: Actor Factory created SM_Cave_Rock_Flat01
[2020.02.12-22.05.33:261][916]LogActorFactory: Actor Factory created SM_Cave_Rock_Flat01
[2020.02.12-22.05.34:225][971]Cmd: DELETE
[2020.02.12-22.05.34:225][971]Cmd: ACTOR DELETE
[2020.02.12-22.05.34:278][971]LogEditorActor: Deleted Actor: StaticMeshActor
[2020.02.12-22.05.34:519][971]LogUObjectHash: Compacting FUObjectHashTables data took   3.56ms
[2020.02.12-22.05.34:528][971]LogEditorActor: Deleted 1 Actors (0.295 secs)
[2020.02.12-22.05.38:752][218]LogEditorViewport: Clicking on Actor (LMB): StaticMeshActor (SM_Cave_Rock_Ceiling)
[2020.02.12-22.05.40:802][328]LogAssetEditorSubsystem: Opening Asset editor for StaticMesh /Game/ValleyBattle/Map/SoulCave/Environment/Meshes/Rocks/SM_RockFlatPile.SM_RockFlatPile
[2020.02.12-22.05.47:697][653]LogSlate: Window 'SM_RockFlatPile' being destroyed
[2020.02.12-22.05.47:718][653]LogWorld: UWorld::CleanupWorld for World_4, bSessionEnded=true, bCleanupResources=true
[2020.02.12-22.05.47:718][653]LogSlate: InvalidateAllWidgets triggered.  All widgets were invalidated
[2020.02.12-22.05.52:008][875]LogActorFactory: Actor Factory created SM_RockFlatPile
[2020.02.12-22.05.54:125][997]LogActorFactory: Actor Factory created SM_RockFlatPile
[2020.02.12-22.06.32:752][181]Cmd: EDIT COPY
[2020.02.12-22.06.32:946][192]Cmd: EDIT PASTE
[2020.02.12-22.06.54:303][409]Cmd: TRANSACTION UNDO
[2020.02.12-22.06.54:303][409]LogEditorTransaction: Undo Move Actors
[2020.02.12-22.06.54:880][421]Cmd: TRANSACTION UNDO
[2020.02.12-22.06.54:880][421]LogEditorTransaction: Undo Move Actors
[2020.02.12-22.06.55:423][446]Cmd: TRANSACTION UNDO
[2020.02.12-22.06.55:423][446]LogEditorTransaction: Undo Move Actors
[2020.02.12-22.06.55:807][464]Cmd: TRANSACTION UNDO
[2020.02.12-22.06.55:807][464]LogEditorTransaction: Undo Paste
[2020.02.12-22.06.56:219][485]Cmd: TRANSACTION UNDO
[2020.02.12-22.06.56:219][485]LogEditorTransaction: Undo Move Actors
[2020.02.12-22.06.56:826][515]Cmd: TRANSACTION UNDO
[2020.02.12-22.06.56:826][515]LogEditorTransaction: Undo Move Actors
[2020.02.12-22.06.57:248][536]Cmd: TRANSACTION UNDO
[2020.02.12-22.06.57:248][536]LogEditorTransaction: Undo Rotate Actors
[2020.02.12-22.06.57:678][553]Cmd: TRANSACTION UNDO
[2020.02.12-22.06.57:678][553]LogEditorTransaction: Undo Move Actors
[2020.02.12-22.06.58:167][577]Cmd: TRANSACTION UNDO
[2020.02.12-22.06.58:167][577]LogEditorTransaction: Undo Scale Actors
[2020.02.12-22.06.58:674][596]Cmd: TRANSACTION UNDO
[2020.02.12-22.06.58:674][596]LogEditorTransaction: Undo Create Actors
[2020.02.12-22.07.02:957][833]LogEditorViewport: Clicking on Actor (LMB): StaticMeshActor (SM_Cliff3)
[2020.02.12-22.07.09:845][214]LogEditorViewport: Clicking on Actor (LMB): StaticMeshActor (SM_Cave_Rock_Ceiling)
[2020.02.12-22.07.17:859][622]LogTexture: Display: Building textures: T_cliff1_D (AutoDXT, 1024X1024)
[2020.02.12-22.07.17:859][622]LogTexture: Display: Building textures: T_cliff2_N (BC5, 2048X2048)
[2020.02.12-22.07.17:859][622]LogMaterial: Display: Missing cached shader map for material M_Cliff1_Ice_1, compiling. 
[2020.02.12-22.07.17:910][623]LogShaderCompilers: Display: Worker (1/5): shaders left to compile 24
[2020.02.12-22.07.17:910][623]LogShaderCompilers: Display: Worker (2/5): shaders left to compile 17
[2020.02.12-22.07.17:910][623]LogShaderCompilers: Display: Worker (3/5): shaders left to compile 10
[2020.02.12-22.07.17:910][623]LogShaderCompilers: Display: Worker (4/5): shaders left to compile 3
[2020.02.12-22.07.23:421][821]LogEditorViewport: Clicking on Actor (LMB): StaticMeshActor (SM_Cliff2)
[2020.02.12-22.07.27:522][ 49]LogEditorViewport: Clicking on Actor (LMB): StaticMeshActor (SM_Cave_Rock_Ceiling)
[2020.02.12-22.07.34:565][424]LogEditorViewport: Clicking on Actor (LMB): StaticMeshActor (LargeVolcanicRock_003)
[2020.02.12-22.07.35:215][458]LogEditorViewport: Clicking on Actor (LMB): StaticMeshActor (SM_Cliff01)
[2020.02.12-22.07.40:175][738]LogEditorViewport: Clicking on Actor (LMB): StaticMeshActor (SM_Cave_Rock_Ceiling)
[2020.02.12-22.07.55:689][614]LogEditorViewport: Clicking on Actor (LMB): StaticMeshActor (SM_Cave_Statue_Torso2)
[2020.02.12-22.07.57:089][692]LogEditorViewport: Clicking on Actor (LMB): StaticMeshActor (SM_Cave_Rock_Ceiling)
[2020.02.12-22.08.31:283][617]Cmd: EDIT COPY
[2020.02.12-22.08.31:502][629]Cmd: EDIT PASTE
[2020.02.12-22.08.58:556][186]Cmd: EDIT COPY
[2020.02.12-22.08.58:788][199]Cmd: EDIT PASTE
[2020.02.12-22.09.11:912][924]Cmd: EDIT COPY
[2020.02.12-22.09.12:113][933]Cmd: EDIT PASTE
[2020.02.12-22.10.05:905][  4]Cmd: EDIT COPY
[2020.02.12-22.10.06:121][ 15]Cmd: EDIT PASTE
[2020.02.12-22.10.21:385][869]Cmd: TRANSACTION UNDO
[2020.02.12-22.10.21:385][869]LogEditorTransaction: Undo Scale Actors
[2020.02.12-22.10.59:079][986]Cmd: EDIT COPY
[2020.02.12-22.10.59:285][997]Cmd: EDIT PASTE
[2020.02.12-22.11.11:650][699]LogEditorViewport: Clicking on Actor (LMB): StaticMeshActor (SM_Cave_Rock_Ceiling6)
[2020.02.12-22.11.37:036][149]LogEditorViewport: Clicking on Actor (LMB): StaticMeshActor (SM_Cave_Rock_Ceiling5)
[2020.02.12-22.11.40:918][368]LogEditorViewport: Clicking on Actor (LMB): StaticMeshActor (SM_Cave_Rock_Ceiling4)
[2020.02.12-22.11.56:167][241]LogEditorViewport: Clicking on Actor (LMB): StaticMeshActor (SM_Cave_Rock_Ceiling)
[2020.02.12-22.12.08:764][975]LogD3D11RHI: Warning: Temp texture streaming buffer not large enough, needed 16777216 bytes
[2020.02.12-22.12.09:756][ 31]LogD3D11RHI: Warning: Temp texture streaming buffer not large enough, needed 16777216 bytes
[2020.02.12-22.12.10:431][ 67]LogD3D11RHI: Warning: Temp texture streaming buffer not large enough, needed 16777216 bytes
[2020.02.12-22.12.14:760][312]LogEditorViewport: Clicking on Actor (LMB): StaticMeshActor (SM_Cave_Rock_Ceiling5)
[2020.02.12-22.12.24:762][865]LogD3D11RHI: Warning: Temp texture streaming buffer not large enough, needed 16777216 bytes
[2020.02.12-22.12.25:385][900]LogD3D11RHI: Warning: Temp texture streaming buffer not large enough, needed 16777216 bytes
[2020.02.12-22.12.27:829][ 22]LogEditorViewport: Clicking Background
[2020.02.12-22.12.29:094][ 97]LogD3D11RHI: Warning: Temp texture streaming buffer not large enough, needed 16777216 bytes
[2020.02.12-22.12.32:721][313]LogD3D11RHI: Warning: Temp texture streaming buffer not large enough, needed 16777216 bytes
[2020.02.12-22.12.33:358][348]LogD3D11RHI: Warning: Temp texture streaming buffer not large enough, needed 16777216 bytes
[2020.02.12-22.12.43:224][925]LogEditorViewport: Clicking on Actor (LMB): StaticMeshActor (SM_Cave_Rock_Ceiling6)
[2020.02.12-22.12.44:683][  8]Cmd: EDIT COPY
[2020.02.12-22.12.44:926][ 21]Cmd: EDIT PASTE
[2020.02.12-22.13.00:830][929]Cmd: EDIT COPY
[2020.02.12-22.13.01:039][940]Cmd: EDIT PASTE
[2020.02.12-22.13.14:646][711]Cmd: EDIT COPY
[2020.02.12-22.13.14:906][725]Cmd: EDIT PASTE
[2020.02.12-22.13.48:843][667]LogEditorViewport: Clicking on Actor (LMB): StaticMeshActor (SM_Cliff8)
[2020.02.12-22.14.03:607][523]LogEditorViewport: Clicking on Actor (LMB): StaticMeshActor (SM_Cave_Rock_Ceiling9)
[2020.02.12-22.14.06:225][674]Cmd: EDIT COPY
[2020.02.12-22.14.06:389][682]Cmd: EDIT PASTE
[2020.02.12-22.14.38:802][504]LogEditorViewport: Clicking on Actor (LMB): StaticMeshActor (LargeVolcanicRock_003)
[2020.02.12-22.14.39:534][536]LogEditorViewport: Clicking on Actor (LMB): StaticMeshActor (SM_Cave_Rock_Ceiling8)
[2020.02.12-22.14.40:799][608]Cmd: EDIT COPY
[2020.02.12-22.14.41:001][618]Cmd: EDIT PASTE
[2020.02.12-22.15.00:229][719]Cmd: EDIT COPY
[2020.02.12-22.15.00:435][728]Cmd: EDIT PASTE
[2020.02.12-22.15.31:324][470]LogEditorViewport: Clicking on Actor (LMB): StaticMeshActor (SM_Cave_Rock_Ceiling10)
[2020.02.12-22.15.32:885][558]Cmd: EDIT COPY
[2020.02.12-22.15.33:120][569]Cmd: EDIT PASTE
[2020.02.12-22.15.48:620][451]LogEditorViewport: Clicking on Actor (LMB): StaticMeshActor (SM_Cave_Rock_Ceiling11)
[2020.02.12-22.15.54:021][743]Cmd: EDIT COPY
[2020.02.12-22.15.54:256][754]Cmd: EDIT PASTE
[2020.02.12-22.16.03:943][290]LogEditorViewport: Clicking on Actor (LMB): StaticMeshActor (SM_Cave_Rock_Ceiling11)
[2020.02.12-22.16.04:978][346]LogEditorViewport: Clicking on Actor (LMB): StaticMeshActor (SM_Cave_Rock_Ceiling14)
[2020.02.12-22.16.41:418][352]LogEditorViewport: Clicking on Actor (LMB): StaticMeshActor (SM_Cave_Rock_Ceiling14)
[2020.02.12-22.17.21:830][641]Cmd: EDIT COPY
[2020.02.12-22.17.22:040][651]Cmd: EDIT PASTE
[2020.02.12-22.17.44:122][886]LogEditorViewport: Clicking on Actor (LMB): StaticMeshActor (SM_Cave_Rock_Ceiling11)
[2020.02.12-22.17.52:224][351]LogEditorViewport: Clicking on Actor (LMB): StaticMeshActor (SM_Cave_Rock_Ceiling15)
[2020.02.12-22.17.53:105][398]Cmd: EDIT COPY
[2020.02.12-22.17.53:311][408]Cmd: EDIT PASTE
[2020.02.12-22.17.58:506][698]LogEditorViewport: Clicking on Actor (LMB): StaticMeshActor (SM_Cave_Rock_Ceiling16)
[2020.02.12-22.18.19:768][874]LogEditorViewport: Clicking on Actor (LMB): Landscape (Landscape1)
[2020.02.12-22.18.31:635][579]LogD3D11RHI: Warning: Temp texture streaming buffer not large enough, needed 16777216 bytes
[2020.02.12-22.18.56:814][ 63]LogD3D11RHI: Warning: Temp texture streaming buffer not large enough, needed 16777216 bytes
[2020.02.12-22.19.04:927][517]LogEditorViewport: Clicking on Actor (LMB): StaticMeshActor (SM_Landscape_Cliff_5)
[2020.02.12-22.19.23:072][501]LogEditorViewport: Clicking on Actor (LMB): StaticMeshActor (SM_Cave_Rock_Ceiling5)
[2020.02.12-22.19.24:829][601]Cmd: EDIT COPY
[2020.02.12-22.19.25:030][610]Cmd: EDIT PASTE
[2020.02.12-22.19.54:360][255]LogEditorViewport: Clicking on Actor (LMB): StaticMeshActor (SM_Landscape_Cliff_5)
[2020.02.12-22.19.56:574][369]LogEditorViewport: Clicking on Actor (LMB): StaticMeshActor (SM_Cave_Rock_Ceiling17)
[2020.02.12-22.19.59:967][552]LogEditorViewport: Clicking on Actor (LMB): Landscape (Landscape1)
[2020.02.12-22.20.07:906][ 16]LogD3D11RHI: Warning: Temp texture streaming buffer not large enough, needed 16777216 bytes
[2020.02.12-22.20.11:558][217]LogEditorViewport: Clicking on Actor (LMB): StaticMeshActor (SM_Landscape_Cliff_5)
[2020.02.12-22.20.19:008][605]LogEditorViewport: Clicking on Actor (LMB): StaticMeshActor (SM_Landscape_Cliff_5)
[2020.02.12-22.20.32:877][363]LogEditorViewport: Clicking on Actor (LMB): StaticMeshActor (LargeVolcanicRock_003)
[2020.02.12-22.20.37:198][598]LogD3D11RHI: Warning: Temp texture streaming buffer not large enough, needed 16777216 bytes
[2020.02.12-22.20.42:554][873]LogEditorViewport: Clicking on Actor (LMB): Landscape (Landscape1)
[2020.02.12-22.20.55:444][632]LogD3D11RHI: Warning: Temp texture streaming buffer not large enough, needed 8388608 bytes
[2020.02.12-22.21.31:497][734]LogEditorViewport: Clicking on Actor (LMB): StaticMeshActor (SM_Snowy_Farm)
[2020.02.12-22.21.34:478][897]LogEditorViewport: Clicking on Actor (LMB): Landscape (Landscape1)
[2020.02.12-22.21.49:640][787]LogEditorViewport: Clicking on Actor (LMB): StaticMeshActor (SM_Landscape_Cliff_14)
[2020.02.12-22.22.00:313][378]LogEditorViewport: Clicking on Actor (LMB): StaticMeshActor (SM_Landscape_Cliff_14)
[2020.02.12-22.22.25:295][792]Cmd: TRANSACTION UNDO
[2020.02.12-22.22.25:295][792]LogEditorTransaction: Undo Move Actors
[2020.02.12-22.22.50:990][244]LogActorFactory: Actor Factory created SM_Cave_Rocks_Stalactite_01
[2020.02.12-22.22.52:055][307]LogActorFactory: Actor Factory created SM_Cave_Rocks_Stalactite_01
[2020.02.12-22.22.57:598][617]LogEditorViewport: Clicking on Actor (LMB): StaticMeshActor (SM_Cave_Rock_Ceiling6)
[2020.02.12-22.23.03:918][981]LogActorFactory: Actor Factory created SM_Cave_Rocks_Stalactite_01
[2020.02.12-22.23.04:681][ 26]LogActorFactory: Actor Factory created SM_Cave_Rocks_Stalactite_01
[2020.02.12-22.23.08:092][217]LogEditorViewport: Clicking on Actor (LMB): StaticMeshActor (SM_MountainRock)
[2020.02.12-22.23.18:117][781]LogActorFactory: Actor Factory created SM_Cave_Rocks_Stalactite_01
[2020.02.12-22.23.18:779][820]LogActorFactory: Actor Factory created SM_Cave_Rocks_Stalactite_01
[2020.02.12-22.23.23:266][ 67]LogEditorViewport: Clicking on Actor (LMB): Landscape (Landscape1)
[2020.02.12-22.23.29:656][432]LogEditorViewport: Clicking on Actor (LMB): StaticMeshActor (SM_Cave_Rocks_Stalactite_4)
[2020.02.12-22.23.34:382][698]LogEditorViewport: Clicking on Actor (LMB): StaticMeshActor (SM_Cave_Rock_Ceiling2)
[2020.02.12-22.23.50:998][677]LogEditorViewport: Clicking on Actor (LMB): StaticMeshActor (SM_Cave_Rocks_Stalactite_01)
[2020.02.12-22.23.55:155][907]LogEditorViewport: Clicking on Actor (LMB): StaticMeshActor (SM_Cave_Rock_Ceiling14)
[2020.02.12-22.24.16:924][155]LogEditorViewport: Clicking on Actor (LMB): StaticMeshActor (SM_Cave_Rock_Ceiling17)
[2020.02.12-22.24.18:642][253]Cmd: EDIT COPY
[2020.02.12-22.24.18:852][262]Cmd: EDIT PASTE
[2020.02.12-22.24.30:079][881]LogEditorViewport: Clicking on Actor (LMB): Landscape (Landscape1)
[2020.02.12-22.24.32:130][997]LogD3D11RHI: Warning: Temp texture streaming buffer not large enough, needed 16777216 bytes
[2020.02.12-22.24.38:956][394]LogEditorViewport: Clicking on Actor (LMB): StaticMeshActor (SM_MountainRock)
[2020.02.12-22.24.52:141][136]Cmd: TRANSACTION UNDO
[2020.02.12-22.24.52:141][136]LogEditorTransaction: Undo Move Actors
[2020.02.12-22.24.53:386][173]Cmd: TRANSACTION UNDO
[2020.02.12-22.24.53:386][173]LogEditorTransaction: Undo Move Actors
[2020.02.12-22.25.05:250][830]Cmd: TRANSACTION UNDO
[2020.02.12-22.25.05:250][830]LogEditorTransaction: Undo Move Actors
[2020.02.12-22.25.06:831][896]LogEditorViewport: Clicking on Actor (LMB): StaticMeshActor (SM_Cave_Rock_Ceiling18)
[2020.02.12-22.25.11:349][145]LogEditorViewport: Clicking on Actor (LMB): Landscape (Landscape1)
[2020.02.12-22.25.23:577][852]LogEditorViewport: Clicking on Actor (LMB): StaticMeshActor (SM_Cave_Rock_Ceiling17)
[2020.02.12-22.25.24:543][906]Cmd: EDIT COPY
[2020.02.12-22.25.24:768][915]Cmd: EDIT PASTE
[2020.02.12-22.25.27:004][ 31]LogEditorViewport: Clicking on Actor (LMB): StaticMeshActor (SM_Cliff4)
[2020.02.12-22.25.28:031][ 88]LogEditorViewport: Clicking on Actor (LMB): StaticMeshActor (SM_Cave_Rock_Ceiling17)
[2020.02.12-22.25.52:141][401]LogEditorViewport: Clicking on Actor (LMB): Landscape (Landscape1)
[2020.02.12-22.25.55:805][601]LogEditorViewport: Clicking on Actor (LMB): StaticMeshActor (SM_Cave_Rock_Ceiling17)
[2020.02.12-22.25.56:817][654]Cmd: EDIT COPY
[2020.02.12-22.25.57:030][661]Cmd: EDIT PASTE
[2020.02.12-22.26.12:616][531]LogEditorViewport: Clicking on Actor (LMB): Landscape (Landscape1)
[2020.02.12-22.26.22:266][ 93]LogD3D11RHI: Warning: Temp texture streaming buffer not large enough, needed 8388608 bytes
[2020.02.12-22.26.22:448][102]LogD3D11RHI: Warning: Temp texture streaming buffer not large enough, needed 16777216 bytes
[2020.02.12-22.26.35:975][906]LogD3D11RHI: Warning: Temp texture streaming buffer not large enough, needed 16777216 bytes
[2020.02.12-22.26.37:293][968]LogEditorViewport: Clicking on Actor (LMB): StaticMeshActor (SM_MountainRock_Closed)
[2020.02.12-22.26.42:052][236]LogEditorViewport: Clicking on Actor (LMB): StaticMeshActor (SM_Cave_Rock_Ceiling20)
[2020.02.12-22.26.43:468][314]Cmd: EDIT COPY
[2020.02.12-22.26.43:663][321]Cmd: EDIT PASTE
[2020.02.12-22.27.02:755][396]Cmd: EDIT COPY
[2020.02.12-22.27.02:970][402]Cmd: EDIT PASTE
[2020.02.12-22.27.16:851][202]Cmd: EDIT COPY
[2020.02.12-22.27.17:088][212]Cmd: EDIT PASTE
[2020.02.12-22.27.45:104][739]LogEditorViewport: Clicking on Actor (LMB): StaticMeshActor (LargeVolcanicRock_002)
[2020.02.12-22.27.49:304][971]LogEditorViewport: Clicking on Actor (LMB): StaticMeshActor (SM_Cave_Rock_Ceiling22)
[2020.02.12-22.28.02:672][700]LogEditorViewport: Clicking on Actor (LMB): StaticMeshActor (SM_Cave_Rock_Ceiling8)
[2020.02.12-22.28.14:309][371]LogEditorViewport: Clicking on Actor (LMB): StaticMeshActor (SM_Cave_Rock_Ceiling23)
[2020.02.12-22.28.15:274][421]Cmd: EDIT COPY
[2020.02.12-22.28.15:481][428]Cmd: EDIT PASTE
[2020.02.12-22.28.31:723][325]LogEditorViewport: Clicking on Actor (LMB): Landscape (Landscape1)
[2020.02.12-22.28.51:041][146]LogUObjectHash: Compacting FUObjectHashTables data took  40.79ms
[2020.02.12-22.28.51:507][146]LogSavePackage: Moving '../../../../../../Users/jonat/Documents/GitHub/Makers_Unreality/turnBasedBattle/Saved/JohnsValleyCD16624F47C834227A5E3D8DDF0C9667.tmp' to '../../../../../../Users/jonat/Documents/GitHub/Makers_Unreality/turnBasedBattle/Content/ValleyBattle/Map/JohnsValley.umap'
[2020.02.12-22.28.51:740][146]AssetCheck: New page: Asset Save: JohnsValley
[2020.02.12-22.28.51:740][146]LogContentValidation: Display: Validating World /Game/ValleyBattle/Map/JohnsValley.JohnsValley
